TN:
SF:test-simple.tsx
FN:4,TestSimple
FNF:1
FNH:0
FNDA:0,TestSimple
DA:5,0
LF:1
LH:0
BRF:0
BRH:0
end_of_record
TN:
SF:app/+not-found.tsx
FN:17,NotFoundScreen
FN:21,(anonymous_1)
FN:25,(anonymous_2)
FN:33,(anonymous_3)
FN:37,(anonymous_4)
FNF:5
FNH:0
FNDA:0,NotFoundScreen
FNDA:0,(anonymous_1)
FNDA:0,(anonymous_2)
FNDA:0,(anonymous_3)
FNDA:0,(anonymous_4)
DA:15,0
DA:18,0
DA:19,0
DA:21,0
DA:22,0
DA:25,0
DA:26,0
DA:27,0
DA:29,0
DA:33,0
DA:34,0
DA:37,0
DA:40,0
DA:43,0
DA:157,0
LF:15
LH:0
BRDA:26,0,0,0
BRDA:26,0,1,0
BRF:2
BRH:0
end_of_record
TN:
SF:app/_layout.tsx
FN:23,RootLayout
FN:28,(anonymous_1)
FN:30,(anonymous_2)
FN:35,(anonymous_3)
FNF:4
FNH:0
FNDA:0,RootLayout
FNDA:0,(anonymous_1)
FNDA:0,(anonymous_2)
FNDA:0,(anonymous_3)
DA:21,0
DA:24,0
DA:28,0
DA:30,0
DA:31,0
DA:35,0
DA:36,0
DA:37,0
DA:41,0
DA:42,0
DA:45,0
LF:11
LH:0
BRDA:31,0,0,0
BRDA:31,0,1,0
BRDA:36,1,0,0
BRDA:36,1,1,0
BRDA:41,2,0,0
BRDA:41,2,1,0
BRF:6
BRH:0
end_of_record
TN:
SF:app/index.tsx
FN:3,IndexScreen
FNF:1
FNH:0
FNDA:0,IndexScreen
DA:5,0
LF:1
LH:0
BRF:0
BRH:0
end_of_record
TN:
SF:app/modal.tsx
FN:33,UserActionsModal
FN:38,(anonymous_1)
FN:54,(anonymous_2)
FN:67,(anonymous_3)
FN:91,(anonymous_4)
FN:99,(anonymous_5)
FN:107,(anonymous_6)
FN:115,(anonymous_7)
FN:126,ReviewActionsModal
FN:131,(anonymous_9)
FN:147,(anonymous_10)
FN:174,(anonymous_11)
FN:182,(anonymous_12)
FN:190,(anonymous_13)
FN:198,(anonymous_14)
FN:209,ShareModal
FN:220,(anonymous_16)
FN:237,(anonymous_17)
FN:240,(anonymous_18)
FN:254,ReportModal
FN:268,(anonymous_20)
FN:293,(anonymous_21)
FN:297,(anonymous_22)
FN:321,SettingsModal
FN:332,(anonymous_24)
FN:359,(anonymous_25)
FN:364,(anonymous_26)
FN:377,InfoModal
FN:427,ModalContent
FN:455,ModalScreen
FN:464,(anonymous_30)
FN:498,(anonymous_31)
FN:503,(anonymous_32)
FN:523,(anonymous_33)
FNF:34
FNH:0
FNDA:0,UserActionsModal
FNDA:0,(anonymous_1)
FNDA:0,(anonymous_2)
FNDA:0,(anonymous_3)
FNDA:0,(anonymous_4)
FNDA:0,(anonymous_5)
FNDA:0,(anonymous_6)
FNDA:0,(anonymous_7)
FNDA:0,ReviewActionsModal
FNDA:0,(anonymous_9)
FNDA:0,(anonymous_10)
FNDA:0,(anonymous_11)
FNDA:0,(anonymous_12)
FNDA:0,(anonymous_13)
FNDA:0,(anonymous_14)
FNDA:0,ShareModal
FNDA:0,(anonymous_16)
FNDA:0,(anonymous_17)
FNDA:0,(anonymous_18)
FNDA:0,ReportModal
FNDA:0,(anonymous_20)
FNDA:0,(anonymous_21)
FNDA:0,(anonymous_22)
FNDA:0,SettingsModal
FNDA:0,(anonymous_24)
FNDA:0,(anonymous_25)
FNDA:0,(anonymous_26)
FNDA:0,InfoModal
FNDA:0,ModalContent
FNDA:0,ModalScreen
FNDA:0,(anonymous_30)
FNDA:0,(anonymous_31)
FNDA:0,(anonymous_32)
FNDA:0,(anonymous_33)
DA:23,0
DA:34,0
DA:35,0
DA:36,0
DA:38,0
DA:39,0
DA:41,0
DA:42,0
DA:43,0
DA:45,0
DA:46,0
DA:47,0
DA:49,0
DA:55,0
DA:56,0
DA:60,0
DA:62,0
DA:68,0
DA:69,0
DA:73,0
DA:77,0
DA:91,0
DA:99,0
DA:107,0
DA:115,0
DA:127,0
DA:128,0
DA:129,0
DA:131,0
DA:132,0
DA:134,0
DA:135,0
DA:136,0
DA:138,0
DA:139,0
DA:140,0
DA:142,0
DA:148,0
DA:149,0
DA:153,0
DA:155,0
DA:156,0
DA:157,0
DA:161,0
DA:174,0
DA:182,0
DA:190,0
DA:198,0
DA:210,0
DA:211,0
DA:213,0
DA:220,0
DA:221,0
DA:222,0
DA:225,0
DA:238,0
DA:240,0
DA:255,0
DA:256,0
DA:257,0
DA:259,0
DA:268,0
DA:269,0
DA:270,0
DA:271,0
DA:274,0
DA:281,0
DA:294,0
DA:297,0
DA:322,0
DA:323,0
DA:325,0
DA:332,0
DA:333,0
DA:335,0
DA:336,0
DA:338,0
DA:339,0
DA:341,0
DA:342,0
DA:344,0
DA:345,0
DA:347,0
DA:350,0
DA:360,0
DA:361,0
DA:364,0
DA:378,0
DA:379,0
DA:384,0
DA:428,0
DA:430,0
DA:432,0
DA:434,0
DA:436,0
DA:438,0
DA:440,0
DA:442,0
DA:456,0
DA:457,0
DA:458,0
DA:461,0
DA:462,0
DA:464,0
DA:465,0
DA:468,0
DA:477,0
DA:499,0
DA:503,0
DA:523,0
DA:543,0
LF:111
LH:0
BRDA:39,0,0,0
BRDA:39,0,1,0
BRDA:39,0,2,0
BRDA:39,0,3,0
BRDA:132,1,0,0
BRDA:132,1,1,0
BRDA:132,1,2,0
BRDA:132,1,3,0
BRDA:211,2,0,0
BRDA:211,2,1,0
BRDA:269,3,0,0
BRDA:269,3,1,0
BRDA:296,4,0,0
BRDA:296,4,1,0
BRDA:301,5,0,0
BRDA:301,5,1,0
BRDA:333,6,0,0
BRDA:333,6,1,0
BRDA:333,6,2,0
BRDA:333,6,3,0
BRDA:379,7,0,0
BRDA:379,7,1,0
BRDA:428,8,0,0
BRDA:428,8,1,0
BRDA:428,8,2,0
BRDA:428,8,3,0
BRDA:428,8,4,0
BRDA:428,8,5,0
BRDA:428,8,6,0
BRDA:501,9,0,0
BRDA:501,9,1,0
BRDA:507,10,0,0
BRDA:507,10,1,0
BRF:33
BRH:0
end_of_record
TN:
SF:app/notifications.tsx
FN:46,NotificationItem
FN:51,(anonymous_1)
FN:54,(anonymous_2)
FN:55,(anonymous_3)
FN:59,(anonymous_4)
FN:80,(anonymous_5)
FN:152,(anonymous_6)
FN:164,(anonymous_7)
FN:178,(anonymous_8)
FN:199,NotificationsScreen
FN:209,(anonymous_10)
FN:213,(anonymous_11)
FN:216,(anonymous_12)
FN:220,(anonymous_13)
FN:251,(anonymous_14)
FN:255,(anonymous_15)
FN:259,(anonymous_16)
FN:263,(anonymous_17)
FN:268,(anonymous_18)
FN:269,(anonymous_19)
FN:272,(anonymous_20)
FN:273,(anonymous_21)
FN:307,(anonymous_22)
FN:321,(anonymous_23)
FN:349,(anonymous_24)
FN:353,(anonymous_25)
FN:354,(anonymous_26)
FN:355,(anonymous_27)
FNF:28
FNH:0
FNDA:0,NotificationItem
FNDA:0,(anonymous_1)
FNDA:0,(anonymous_2)
FNDA:0,(anonymous_3)
FNDA:0,(anonymous_4)
FNDA:0,(anonymous_5)
FNDA:0,(anonymous_6)
FNDA:0,(anonymous_7)
FNDA:0,(anonymous_8)
FNDA:0,NotificationsScreen
FNDA:0,(anonymous_10)
FNDA:0,(anonymous_11)
FNDA:0,(anonymous_12)
FNDA:0,(anonymous_13)
FNDA:0,(anonymous_14)
FNDA:0,(anonymous_15)
FNDA:0,(anonymous_16)
FNDA:0,(anonymous_17)
FNDA:0,(anonymous_18)
FNDA:0,(anonymous_19)
FNDA:0,(anonymous_20)
FNDA:0,(anonymous_21)
FNDA:0,(anonymous_22)
FNDA:0,(anonymous_23)
FNDA:0,(anonymous_24)
FNDA:0,(anonymous_25)
FNDA:0,(anonymous_26)
FNDA:0,(anonymous_27)
DA:47,0
DA:48,0
DA:49,0
DA:51,0
DA:52,0
DA:53,0
DA:54,0
DA:55,0
DA:59,0
DA:60,0
DA:62,0
DA:64,0
DA:66,0
DA:68,0
DA:70,0
DA:72,0
DA:74,0
DA:76,0
DA:80,0
DA:81,0
DA:82,0
DA:83,0
DA:84,0
DA:85,0
DA:86,0
DA:88,0
DA:89,0
DA:90,0
DA:91,0
DA:92,0
DA:95,0
DA:152,0
DA:165,0
DA:166,0
DA:179,0
DA:180,0
DA:200,0
DA:201,0
DA:202,0
DA:203,0
DA:205,0
DA:206,0
DA:209,0
DA:210,0
DA:213,0
DA:214,0
DA:216,0
DA:217,0
DA:220,0
DA:222,0
DA:223,0
DA:227,0
DA:229,0
DA:230,0
DA:232,0
DA:236,0
DA:237,0
DA:239,0
DA:241,0
DA:242,0
DA:244,0
DA:247,0
DA:251,0
DA:252,0
DA:255,0
DA:256,0
DA:259,0
DA:260,0
DA:263,0
DA:264,0
DA:268,0
DA:269,0
DA:272,0
DA:273,0
DA:276,0
DA:307,0
DA:321,0
DA:350,0
DA:353,0
DA:354,0
DA:355,0
DA:396,0
LF:82
LH:0
BRDA:52,0,0,0
BRDA:52,0,1,0
BRDA:55,1,0,0
BRDA:55,1,1,0
BRDA:62,2,0,0
BRDA:62,2,1,0
BRDA:62,2,2,0
BRDA:62,2,3,0
BRDA:62,2,4,0
BRDA:62,2,5,0
BRDA:62,2,6,0
BRDA:81,3,0,0
BRDA:81,3,1,0
BRDA:88,4,0,0
BRDA:88,4,1,0
BRDA:89,5,0,0
BRDA:89,5,1,0
BRDA:90,6,0,0
BRDA:90,6,1,0
BRDA:91,7,0,0
BRDA:91,7,1,0
BRDA:100,8,0,0
BRDA:100,8,1,0
BRDA:110,9,0,0
BRDA:110,9,1,0
BRDA:127,10,0,0
BRDA:127,10,1,0
BRDA:159,11,0,0
BRDA:159,11,1,0
BRDA:161,12,0,0
BRDA:161,12,1,0
BRDA:192,13,0,0
BRDA:192,13,1,0
BRDA:222,14,0,0
BRDA:222,14,1,0
BRDA:227,15,0,0
BRDA:227,15,1,0
BRDA:227,15,2,0
BRDA:227,15,3,0
BRDA:227,15,4,0
BRDA:227,15,5,0
BRDA:229,16,0,0
BRDA:229,16,1,0
BRDA:236,17,0,0
BRDA:236,17,1,0
BRDA:241,18,0,0
BRDA:241,18,1,0
BRDA:269,19,0,0
BRDA:269,19,1,0
BRDA:294,20,0,0
BRDA:294,20,1,0
BRDA:305,21,0,0
BRDA:305,21,1,0
BRDA:311,22,0,0
BRDA:311,22,1,0
BRDA:319,23,0,0
BRDA:319,23,1,0
BRDA:325,24,0,0
BRDA:325,24,1,0
BRDA:347,25,0,0
BRDA:347,25,1,0
BRDA:360,26,0,0
BRDA:360,26,1,0
BRDA:376,27,0,0
BRDA:376,27,1,0
BRDA:385,28,0,0
BRDA:385,28,1,0
BRF:67
BRH:0
end_of_record
TN:
SF:app/(auth)/_layout.tsx
FN:4,AuthLayout
FNF:1
FNH:0
FNDA:0,AuthLayout
DA:5,0
LF:1
LH:0
BRF:0
BRH:0
end_of_record
TN:
SF:app/(auth)/forgot-password.tsx
FN:27,ForgotPasswordScreen
FN:46,(anonymous_1)
FN:48,(anonymous_2)
FN:55,(anonymous_3)
FN:62,(anonymous_4)
FN:69,(anonymous_5)
FN:81,(anonymous_6)
FN:88,(anonymous_7)
FN:93,(anonymous_8)
FN:109,(anonymous_9)
FN:110,(anonymous_10)
FN:171,(anonymous_11)
FN:171,(anonymous_12)
FN:223,(anonymous_13)
FN:224,(anonymous_14)
FNF:15
FNH:0
FNDA:0,ForgotPasswordScreen
FNDA:0,(anonymous_1)
FNDA:0,(anonymous_2)
FNDA:0,(anonymous_3)
FNDA:0,(anonymous_4)
FNDA:0,(anonymous_5)
FNDA:0,(anonymous_6)
FNDA:0,(anonymous_7)
FNDA:0,(anonymous_8)
FNDA:0,(anonymous_9)
FNDA:0,(anonymous_10)
FNDA:0,(anonymous_11)
FNDA:0,(anonymous_12)
FNDA:0,(anonymous_13)
FNDA:0,(anonymous_14)
DA:28,0
DA:29,0
DA:30,0
DA:31,0
DA:34,0
DA:38,0
DA:44,0
DA:46,0
DA:47,0
DA:48,0
DA:49,0
DA:53,0
DA:54,0
DA:55,0
DA:59,0
DA:62,0
DA:64,0
DA:66,0
DA:68,0
DA:69,0
DA:74,0
DA:78,0
DA:80,0
DA:81,0
DA:88,0
DA:89,0
DA:92,0
DA:93,0
DA:101,0
DA:109,0
DA:110,0
DA:171,0
DA:223,0
DA:224,0
DA:240,0
LF:35
LH:0
BRDA:47,0,0,0
BRDA:47,0,1,0
BRDA:53,1,0,0
BRDA:53,1,1,0
BRDA:54,2,0,0
BRDA:54,2,1,0
BRDA:68,3,0,0
BRDA:68,3,1,0
BRDA:71,4,0,0
BRDA:71,4,1,0
BRDA:95,5,0,0
BRDA:95,5,1,0
BRDA:104,6,0,0
BRDA:104,6,1,0
BRDA:112,7,0,0
BRDA:112,7,1,0
BRDA:129,8,0,0
BRDA:129,8,1,0
BRDA:135,9,0,0
BRDA:135,9,1,0
BRDA:141,10,0,0
BRDA:141,10,1,0
BRDA:153,11,0,0
BRDA:153,11,1,0
BRDA:165,12,0,0
BRDA:165,12,1,0
BRDA:187,13,0,0
BRDA:187,13,1,0
BRDA:191,14,0,0
BRDA:191,14,1,0
BRDA:196,15,0,0
BRDA:196,15,1,0
BRDA:224,16,0,0
BRDA:224,16,1,0
BRF:34
BRH:0
end_of_record
TN:
SF:app/(auth)/index.tsx
FN:60,WelcomeScreen
FN:68,(anonymous_1)
FN:84,(anonymous_2)
FN:92,(anonymous_3)
FN:99,(anonymous_4)
FN:105,(anonymous_5)
FN:131,(anonymous_6)
FN:156,(anonymous_7)
FN:179,(anonymous_8)
FN:187,(anonymous_9)
FNF:10
FNH:0
FNDA:0,WelcomeScreen
FNDA:0,(anonymous_1)
FNDA:0,(anonymous_2)
FNDA:0,(anonymous_3)
FNDA:0,(anonymous_4)
FNDA:0,(anonymous_5)
FNDA:0,(anonymous_6)
FNDA:0,(anonymous_7)
FNDA:0,(anonymous_8)
FNDA:0,(anonymous_9)
DA:23,0
DA:25,0
DA:61,0
DA:62,0
DA:63,0
DA:64,0
DA:65,0
DA:66,0
DA:68,0
DA:70,0
DA:84,0
DA:85,0
DA:86,0
DA:87,0
DA:88,0
DA:92,0
DA:93,0
DA:94,0
DA:95,0
DA:99,0
DA:100,0
DA:105,0
DA:106,0
DA:109,0
DA:111,0
DA:132,0
DA:157,0
DA:179,0
DA:187,0
DA:210,0
LF:30
LH:0
BRDA:87,0,0,0
BRDA:87,0,1,0
BRDA:87,1,0,0
BRDA:87,1,1,0
BRDA:87,1,2,0
BRDA:93,2,0,0
BRDA:93,2,1,0
BRDA:93,3,0,0
BRDA:93,3,1,0
BRDA:112,4,0,0
BRDA:112,4,1,0
BRDA:163,5,0,0
BRDA:163,5,1,0
BRDA:166,6,0,0
BRDA:166,6,1,0
BRDA:175,7,0,0
BRDA:175,7,1,0
BRDA:193,8,0,0
BRDA:193,8,1,0
BRF:19
BRH:0
end_of_record
TN:
SF:app/(auth)/location.tsx
FN:25,LocationSetupScreen
FN:42,(anonymous_1)
FN:57,(anonymous_2)
FN:58,(anonymous_3)
FN:64,(anonymous_4)
FN:96,(anonymous_5)
FN:100,(anonymous_6)
FN:108,(anonymous_7)
FN:116,(anonymous_8)
FN:137,(anonymous_9)
FN:138,(anonymous_10)
FN:151,(anonymous_11)
FNF:12
FNH:0
FNDA:0,LocationSetupScreen
FNDA:0,(anonymous_1)
FNDA:0,(anonymous_2)
FNDA:0,(anonymous_3)
FNDA:0,(anonymous_4)
FNDA:0,(anonymous_5)
FNDA:0,(anonymous_6)
FNDA:0,(anonymous_7)
FNDA:0,(anonymous_8)
FNDA:0,(anonymous_9)
FNDA:0,(anonymous_10)
FNDA:0,(anonymous_11)
DA:26,0
DA:27,0
DA:28,0
DA:31,0
DA:32,0
DA:33,0
DA:39,0
DA:40,0
DA:42,0
DA:43,0
DA:57,0
DA:58,0
DA:60,0
DA:61,0
DA:63,0
DA:64,0
DA:69,0
DA:72,0
DA:76,0
DA:79,0
DA:84,0
DA:85,0
DA:86,0
DA:87,0
DA:88,0
DA:92,0
DA:96,0
DA:99,0
DA:100,0
DA:108,0
DA:109,0
DA:110,0
DA:112,0
DA:116,0
DA:117,0
DA:133,0
DA:137,0
DA:138,0
DA:151,0
DA:292,0
LF:40
LH:0
BRDA:63,0,0,0
BRDA:63,0,1,0
BRDA:85,1,0,0
BRDA:85,1,1,0
BRDA:87,2,0,0
BRDA:87,2,1,0
BRDA:87,2,2,0
BRDA:102,3,0,0
BRDA:102,3,1,0
BRDA:109,4,0,0
BRDA:109,4,1,0
BRDA:140,5,0,0
BRDA:140,5,1,0
BRDA:153,6,0,0
BRDA:153,6,1,0
BRDA:200,7,0,0
BRDA:200,7,1,0
BRDA:200,8,0,0
BRDA:200,8,1,0
BRDA:212,9,0,0
BRDA:212,9,1,0
BRDA:225,10,0,0
BRDA:225,10,1,0
BRDA:237,11,0,0
BRDA:237,11,1,0
BRF:25
BRH:0
end_of_record
TN:
SF:app/(auth)/profile-setup.tsx
FN:21,ProfileSetupScreen
FN:34,(anonymous_1)
FN:50,(anonymous_2)
FN:68,(anonymous_3)
FNF:4
FNH:0
FNDA:0,ProfileSetupScreen
FNDA:0,(anonymous_1)
FNDA:0,(anonymous_2)
FNDA:0,(anonymous_3)
DA:22,0
DA:23,0
DA:24,0
DA:26,0
DA:27,0
DA:28,0
DA:30,0
DA:34,0
DA:35,0
DA:36,0
DA:37,0
DA:40,0
DA:41,0
DA:49,0
DA:50,0
DA:53,0
DA:54,0
DA:58,0
DA:68,0
DA:152,0
LF:20
LH:0
BRDA:26,0,0,0
BRDA:26,0,1,0
BRDA:27,1,0,0
BRDA:27,1,1,0
BRDA:28,2,0,0
BRDA:28,2,1,0
BRDA:35,3,0,0
BRDA:35,3,1,0
BRDA:35,4,0,0
BRDA:35,4,1,0
BRDA:35,4,2,0
BRDA:54,5,0,0
BRDA:54,5,1,0
BRDA:63,6,0,0
BRDA:63,6,1,0
BRDA:85,7,0,0
BRDA:85,7,1,0
BRF:17
BRH:0
end_of_record
TN:
SF:app/(auth)/reset-password.tsx
FN:28,ResetPasswordScreen
FN:46,(anonymous_1)
FN:50,(anonymous_2)
FN:55,(anonymous_3)
FN:60,(anonymous_4)
FN:67,(anonymous_5)
FN:74,(anonymous_6)
FN:81,(anonymous_7)
FN:91,(anonymous_8)
FN:99,(anonymous_9)
FN:105,(anonymous_10)
FN:121,(anonymous_11)
FN:122,(anonymous_12)
FN:168,(anonymous_13)
FN:168,(anonymous_14)
FN:181,(anonymous_15)
FN:181,(anonymous_16)
FN:193,(anonymous_17)
FN:193,(anonymous_18)
FN:205,(anonymous_19)
FN:205,(anonymous_20)
FN:258,(anonymous_21)
FN:259,(anonymous_22)
FNF:23
FNH:0
FNDA:0,ResetPasswordScreen
FNDA:0,(anonymous_1)
FNDA:0,(anonymous_2)
FNDA:0,(anonymous_3)
FNDA:0,(anonymous_4)
FNDA:0,(anonymous_5)
FNDA:0,(anonymous_6)
FNDA:0,(anonymous_7)
FNDA:0,(anonymous_8)
FNDA:0,(anonymous_9)
FNDA:0,(anonymous_10)
FNDA:0,(anonymous_11)
FNDA:0,(anonymous_12)
FNDA:0,(anonymous_13)
FNDA:0,(anonymous_14)
FNDA:0,(anonymous_15)
FNDA:0,(anonymous_16)
FNDA:0,(anonymous_17)
FNDA:0,(anonymous_18)
FNDA:0,(anonymous_19)
FNDA:0,(anonymous_20)
FNDA:0,(anonymous_21)
FNDA:0,(anonymous_22)
DA:29,0
DA:30,0
DA:31,0
DA:34,0
DA:41,0
DA:46,0
DA:47,0
DA:49,0
DA:50,0
DA:51,0
DA:54,0
DA:55,0
DA:56,0
DA:59,0
DA:60,0
DA:61,0
DA:65,0
DA:66,0
DA:67,0
DA:71,0
DA:74,0
DA:76,0
DA:78,0
DA:80,0
DA:81,0
DA:86,0
DA:91,0
DA:93,0
DA:99,0
DA:104,0
DA:105,0
DA:113,0
DA:121,0
DA:122,0
DA:168,0
DA:181,0
DA:193,0
DA:205,0
DA:258,0
DA:259,0
DA:276,0
LF:41
LH:0
BRDA:49,0,0,0
BRDA:49,0,1,0
BRDA:49,1,0,0
BRDA:49,1,1,0
BRDA:49,1,2,0
BRDA:49,1,3,0
BRDA:54,2,0,0
BRDA:54,2,1,0
BRDA:59,3,0,0
BRDA:59,3,1,0
BRDA:66,4,0,0
BRDA:66,4,1,0
BRDA:80,5,0,0
BRDA:80,5,1,0
BRDA:83,6,0,0
BRDA:83,6,1,0
BRDA:107,7,0,0
BRDA:107,7,1,0
BRDA:116,8,0,0
BRDA:116,8,1,0
BRDA:124,9,0,0
BRDA:124,9,1,0
BRDA:152,10,0,0
BRDA:152,10,1,0
BRDA:220,11,0,0
BRDA:220,11,1,0
BRDA:220,12,0,0
BRDA:220,12,1,0
BRDA:220,12,2,0
BRDA:220,12,3,0
BRDA:227,13,0,0
BRDA:227,13,1,0
BRDA:227,13,2,0
BRDA:227,13,3,0
BRDA:227,13,4,0
BRDA:233,14,0,0
BRDA:233,14,1,0
BRDA:259,15,0,0
BRDA:259,15,1,0
BRF:39
BRH:0
end_of_record
TN:
SF:app/(auth)/signin.tsx
FN:27,SignInScreen
FN:50,(anonymous_1)
FN:52,(anonymous_2)
FN:54,(anonymous_3)
FN:59,(anonymous_4)
FN:61,(anonymous_5)
FN:63,(anonymous_6)
FN:67,(anonymous_7)
FN:68,(anonymous_8)
FN:72,(anonymous_9)
FN:79,(anonymous_10)
FN:85,(anonymous_11)
FN:89,(anonymous_12)
FN:122,(anonymous_13)
FN:138,(anonymous_14)
FN:139,(anonymous_15)
FN:184,(anonymous_16)
FN:184,(anonymous_17)
FN:198,(anonymous_18)
FN:198,(anonymous_19)
FN:210,(anonymous_20)
FN:258,(anonymous_21)
FN:259,(anonymous_22)
FNF:23
FNH:0
FNDA:0,SignInScreen
FNDA:0,(anonymous_1)
FNDA:0,(anonymous_2)
FNDA:0,(anonymous_3)
FNDA:0,(anonymous_4)
FNDA:0,(anonymous_5)
FNDA:0,(anonymous_6)
FNDA:0,(anonymous_7)
FNDA:0,(anonymous_8)
FNDA:0,(anonymous_9)
FNDA:0,(anonymous_10)
FNDA:0,(anonymous_11)
FNDA:0,(anonymous_12)
FNDA:0,(anonymous_13)
FNDA:0,(anonymous_14)
FNDA:0,(anonymous_15)
FNDA:0,(anonymous_16)
FNDA:0,(anonymous_17)
FNDA:0,(anonymous_18)
FNDA:0,(anonymous_19)
FNDA:0,(anonymous_20)
FNDA:0,(anonymous_21)
FNDA:0,(anonymous_22)
DA:28,0
DA:29,0
DA:30,0
DA:31,0
DA:34,0
DA:39,0
DA:44,0
DA:50,0
DA:51,0
DA:52,0
DA:54,0
DA:59,0
DA:60,0
DA:61,0
DA:63,0
DA:67,0
DA:68,0
DA:71,0
DA:72,0
DA:73,0
DA:77,0
DA:78,0
DA:79,0
DA:80,0
DA:84,0
DA:85,0
DA:86,0
DA:89,0
DA:91,0
DA:93,0
DA:96,0
DA:97,0
DA:101,0
DA:102,0
DA:105,0
DA:107,0
DA:108,0
DA:110,0
DA:111,0
DA:113,0
DA:114,0
DA:116,0
DA:117,0
DA:119,0
DA:122,0
DA:130,0
DA:138,0
DA:139,0
DA:184,0
DA:198,0
DA:210,0
DA:258,0
DA:259,0
DA:275,0
LF:54
LH:0
BRDA:51,0,0,0
BRDA:51,0,1,0
BRDA:51,1,0,0
BRDA:51,1,1,0
BRDA:60,2,0,0
BRDA:60,2,1,0
BRDA:60,3,0,0
BRDA:60,3,1,0
BRDA:71,4,0,0
BRDA:71,4,1,0
BRDA:71,5,0,0
BRDA:71,5,1,0
BRDA:78,6,0,0
BRDA:78,6,1,0
BRDA:84,7,0,0
BRDA:84,7,1,0
BRDA:96,8,0,0
BRDA:96,8,1,0
BRDA:97,9,0,0
BRDA:97,9,1,0
BRDA:105,10,0,0
BRDA:105,10,1,0
BRDA:105,10,2,0
BRDA:105,10,3,0
BRDA:105,10,4,0
BRDA:119,11,0,0
BRDA:119,11,1,0
BRDA:133,12,0,0
BRDA:133,12,1,0
BRDA:141,13,0,0
BRDA:141,13,1,0
BRDA:168,14,0,0
BRDA:168,14,1,0
BRDA:225,15,0,0
BRDA:225,15,1,0
BRDA:225,16,0,0
BRDA:225,16,1,0
BRDA:228,17,0,0
BRDA:228,17,1,0
BRDA:228,17,2,0
BRDA:228,17,3,0
BRDA:233,18,0,0
BRDA:233,18,1,0
BRDA:233,19,0,0
BRDA:233,19,1,0
BRDA:259,20,0,0
BRDA:259,20,1,0
BRF:47
BRH:0
end_of_record
TN:
SF:app/(auth)/signup.tsx
FN:33,SignUpScreen
FN:61,(anonymous_1)
FN:78,(anonymous_2)
FN:79,(anonymous_3)
FN:83,(anonymous_4)
FN:90,(anonymous_5)
FN:95,(anonymous_6)
FN:100,(anonymous_7)
FN:105,(anonymous_8)
FN:110,(anonymous_9)
FN:114,(anonymous_10)
FN:156,(anonymous_11)
FN:185,(anonymous_12)
FN:207,(anonymous_13)
FN:208,(anonymous_14)
FN:263,(anonymous_15)
FN:263,(anonymous_16)
FN:276,(anonymous_17)
FN:276,(anonymous_18)
FN:282,(anonymous_19)
FN:301,(anonymous_20)
FN:301,(anonymous_21)
FN:319,(anonymous_22)
FN:319,(anonymous_23)
FN:341,(anonymous_24)
FN:341,(anonymous_25)
FN:405,(anonymous_26)
FN:406,(anonymous_27)
FNF:28
FNH:0
FNDA:0,SignUpScreen
FNDA:0,(anonymous_1)
FNDA:0,(anonymous_2)
FNDA:0,(anonymous_3)
FNDA:0,(anonymous_4)
FNDA:0,(anonymous_5)
FNDA:0,(anonymous_6)
FNDA:0,(anonymous_7)
FNDA:0,(anonymous_8)
FNDA:0,(anonymous_9)
FNDA:0,(anonymous_10)
FNDA:0,(anonymous_11)
FNDA:0,(anonymous_12)
FNDA:0,(anonymous_13)
FNDA:0,(anonymous_14)
FNDA:0,(anonymous_15)
FNDA:0,(anonymous_16)
FNDA:0,(anonymous_17)
FNDA:0,(anonymous_18)
FNDA:0,(anonymous_19)
FNDA:0,(anonymous_20)
FNDA:0,(anonymous_21)
FNDA:0,(anonymous_22)
FNDA:0,(anonymous_23)
FNDA:0,(anonymous_24)
FNDA:0,(anonymous_25)
FNDA:0,(anonymous_26)
FNDA:0,(anonymous_27)
DA:34,0
DA:35,0
DA:36,0
DA:37,0
DA:40,0
DA:48,0
DA:53,0
DA:58,0
DA:59,0
DA:61,0
DA:62,0
DA:78,0
DA:79,0
DA:82,0
DA:83,0
DA:84,0
DA:88,0
DA:89,0
DA:90,0
DA:91,0
DA:94,0
DA:95,0
DA:96,0
DA:99,0
DA:100,0
DA:101,0
DA:104,0
DA:105,0
DA:106,0
DA:109,0
DA:110,0
DA:111,0
DA:114,0
DA:116,0
DA:118,0
DA:121,0
DA:122,0
DA:123,0
DA:129,0
DA:132,0
DA:139,0
DA:140,0
DA:141,0
DA:147,0
DA:149,0
DA:150,0
DA:155,0
DA:158,0
DA:159,0
DA:164,0
DA:165,0
DA:168,0
DA:170,0
DA:171,0
DA:173,0
DA:174,0
DA:176,0
DA:177,0
DA:179,0
DA:180,0
DA:182,0
DA:185,0
DA:193,0
DA:199,0
DA:207,0
DA:208,0
DA:263,0
DA:276,0
DA:282,0
DA:301,0
DA:319,0
DA:341,0
DA:405,0
DA:406,0
DA:423,0
LF:75
LH:0
BRDA:82,0,0,0
BRDA:82,0,1,0
BRDA:82,1,0,0
BRDA:82,1,1,0
BRDA:82,1,2,0
BRDA:89,2,0,0
BRDA:89,2,1,0
BRDA:94,3,0,0
BRDA:94,3,1,0
BRDA:99,4,0,0
BRDA:99,4,1,0
BRDA:104,5,0,0
BRDA:104,5,1,0
BRDA:109,6,0,0
BRDA:109,6,1,0
BRDA:129,7,0,0
BRDA:129,7,1,0
BRDA:147,8,0,0
BRDA:147,8,1,0
BRDA:149,9,0,0
BRDA:149,9,1,0
BRDA:150,10,0,0
BRDA:150,10,1,0
BRDA:158,11,0,0
BRDA:158,11,1,0
BRDA:159,12,0,0
BRDA:159,12,1,0
BRDA:168,13,0,0
BRDA:168,13,1,0
BRDA:168,13,2,0
BRDA:168,13,3,0
BRDA:168,13,4,0
BRDA:182,14,0,0
BRDA:182,14,1,0
BRDA:193,15,0,0
BRDA:193,15,1,0
BRDA:193,15,2,0
BRDA:193,15,3,0
BRDA:193,15,4,0
BRDA:193,15,5,0
BRDA:202,16,0,0
BRDA:202,16,1,0
BRDA:212,17,0,0
BRDA:212,17,1,0
BRDA:247,18,0,0
BRDA:247,18,1,0
BRDA:283,19,0,0
BRDA:283,19,1,0
BRDA:286,20,0,0
BRDA:286,20,1,0
BRDA:300,21,0,0
BRDA:300,21,1,0
BRDA:329,22,0,0
BRDA:329,22,1,0
BRDA:330,23,0,0
BRDA:330,23,1,0
BRDA:333,24,0,0
BRDA:333,24,1,0
BRDA:351,25,0,0
BRDA:351,25,1,0
BRDA:352,26,0,0
BRDA:352,26,1,0
BRDA:355,27,0,0
BRDA:355,27,1,0
BRDA:371,28,0,0
BRDA:371,28,1,0
BRDA:375,29,0,0
BRDA:375,29,1,0
BRDA:375,29,2,0
BRDA:380,30,0,0
BRDA:380,30,1,0
BRDA:380,31,0,0
BRDA:380,31,1,0
BRDA:406,32,0,0
BRDA:406,32,1,0
BRF:75
BRH:0
end_of_record
TN:
SF:app/(tabs)/_layout.tsx
FN:20,MyTabBar
FN:36,(anonymous_1)
FN:40,(anonymous_2)
FN:56,(anonymous_3)
FN:68,(anonymous_4)
FN:126,TabLayout
FN:132,(anonymous_6)
FN:152,(anonymous_7)
FN:163,(anonymous_8)
FN:174,(anonymous_9)
FN:185,(anonymous_10)
FN:196,(anonymous_11)
FNF:12
FNH:0
FNDA:0,MyTabBar
FNDA:0,(anonymous_1)
FNDA:0,(anonymous_2)
FNDA:0,(anonymous_3)
FNDA:0,(anonymous_4)
FNDA:0,TabLayout
FNDA:0,(anonymous_6)
FNDA:0,(anonymous_7)
FNDA:0,(anonymous_8)
FNDA:0,(anonymous_9)
FNDA:0,(anonymous_10)
FNDA:0,(anonymous_11)
DA:21,0
DA:22,0
DA:23,0
DA:25,0
DA:37,0
DA:40,0
DA:41,0
DA:42,0
DA:48,0
DA:50,0
DA:53,0
DA:54,0
DA:56,0
DA:57,0
DA:63,0
DA:64,0
DA:68,0
DA:69,0
DA:76,0
DA:77,0
DA:78,0
DA:79,0
DA:82,0
DA:86,0
DA:127,0
DA:128,0
DA:130,0
DA:132,0
DA:153,0
DA:164,0
DA:175,0
DA:186,0
DA:197,0
DA:205,0
LF:34
LH:0
BRDA:30,0,0,0
BRDA:30,0,1,0
BRDA:41,1,0,0
BRDA:41,1,1,0
BRDA:44,2,0,0
BRDA:44,2,1,0
BRDA:44,3,0,0
BRDA:44,3,1,0
BRDA:44,4,0,0
BRDA:44,4,1,0
BRDA:48,5,0,0
BRDA:48,5,1,0
BRDA:50,6,0,0
BRDA:50,6,1,0
BRDA:50,6,2,0
BRDA:63,7,0,0
BRDA:63,7,1,0
BRDA:63,8,0,0
BRDA:63,8,1,0
BRDA:76,9,0,0
BRDA:76,9,1,0
BRDA:77,10,0,0
BRDA:77,10,1,0
BRDA:78,11,0,0
BRDA:78,11,1,0
BRDA:82,12,0,0
BRDA:82,12,1,0
BRDA:90,13,0,0
BRDA:90,13,1,0
BRDA:98,14,0,0
BRDA:98,14,1,0
BRDA:111,15,0,0
BRDA:111,15,1,0
BRDA:112,16,0,0
BRDA:112,16,1,0
BRF:35
BRH:0
end_of_record
TN:
SF:app/(tabs)/chat.tsx
FN:39,(anonymous_0)
FN:49,(anonymous_1)
FN:54,(anonymous_2)
FN:72,(anonymous_3)
FN:176,ChatScreen
FN:195,(anonymous_5)
FN:199,(anonymous_6)
FN:250,(anonymous_7)
FN:255,(anonymous_8)
FN:263,(anonymous_9)
FN:264,(anonymous_10)
FN:301,(anonymous_11)
FN:307,(anonymous_12)
FN:313,(anonymous_13)
FN:324,(anonymous_14)
FN:331,(anonymous_15)
FN:339,(anonymous_16)
FN:343,(anonymous_17)
FN:347,(anonymous_18)
FN:373,(anonymous_19)
FN:390,(anonymous_20)
FN:398,(anonymous_21)
FN:409,(anonymous_22)
FN:410,(anonymous_23)
FN:411,(anonymous_24)
FN:418,(anonymous_25)
FN:420,(anonymous_26)
FN:425,(anonymous_27)
FN:431,(anonymous_28)
FN:488,(anonymous_29)
FN:494,(anonymous_30)
FN:522,(anonymous_31)
FNF:32
FNH:0
FNDA:0,(anonymous_0)
FNDA:0,(anonymous_1)
FNDA:0,(anonymous_2)
FNDA:0,(anonymous_3)
FNDA:0,ChatScreen
FNDA:0,(anonymous_5)
FNDA:0,(anonymous_6)
FNDA:0,(anonymous_7)
FNDA:0,(anonymous_8)
FNDA:0,(anonymous_9)
FNDA:0,(anonymous_10)
FNDA:0,(anonymous_11)
FNDA:0,(anonymous_12)
FNDA:0,(anonymous_13)
FNDA:0,(anonymous_14)
FNDA:0,(anonymous_15)
FNDA:0,(anonymous_16)
FNDA:0,(anonymous_17)
FNDA:0,(anonymous_18)
FNDA:0,(anonymous_19)
FNDA:0,(anonymous_20)
FNDA:0,(anonymous_21)
FNDA:0,(anonymous_22)
FNDA:0,(anonymous_23)
FNDA:0,(anonymous_24)
FNDA:0,(anonymous_25)
FNDA:0,(anonymous_26)
FNDA:0,(anonymous_27)
FNDA:0,(anonymous_28)
FNDA:0,(anonymous_29)
FNDA:0,(anonymous_30)
FNDA:0,(anonymous_31)
DA:39,0
DA:40,0
DA:41,0
DA:42,0
DA:44,0
DA:45,0
DA:46,0
DA:47,0
DA:49,0
DA:50,0
DA:51,0
DA:54,0
DA:55,0
DA:56,0
DA:64,0
DA:65,0
DA:69,0
DA:72,0
DA:174,0
DA:177,0
DA:178,0
DA:179,0
DA:180,0
DA:183,0
DA:184,0
DA:185,0
DA:186,0
DA:187,0
DA:189,0
DA:195,0
DA:196,0
DA:199,0
DA:200,0
DA:201,0
DA:203,0
DA:204,0
DA:205,0
DA:207,0
DA:208,0
DA:211,0
DA:212,0
DA:215,0
DA:218,0
DA:219,0
DA:222,0
DA:227,0
DA:229,0
DA:230,0
DA:234,0
DA:235,0
DA:238,0
DA:243,0
DA:245,0
DA:246,0
DA:250,0
DA:255,0
DA:262,0
DA:263,0
DA:264,0
DA:265,0
DA:269,0
DA:270,0
DA:273,0
DA:276,0
DA:277,0
DA:278,0
DA:283,0
DA:284,0
DA:285,0
DA:286,0
DA:293,0
DA:295,0
DA:296,0
DA:301,0
DA:302,0
DA:305,0
DA:307,0
DA:308,0
DA:311,0
DA:313,0
DA:314,0
DA:318,0
DA:322,0
DA:323,0
DA:324,0
DA:325,0
DA:331,0
DA:332,0
DA:333,0
DA:334,0
DA:339,0
DA:340,0
DA:343,0
DA:344,0
DA:347,0
DA:348,0
DA:349,0
DA:350,0
DA:351,0
DA:354,0
DA:355,0
DA:357,0
DA:358,0
DA:361,0
DA:362,0
DA:373,0
DA:374,0
DA:375,0
DA:376,0
DA:377,0
DA:380,0
DA:381,0
DA:383,0
DA:384,0
DA:386,0
DA:390,0
DA:391,0
DA:398,0
DA:399,0
DA:400,0
DA:402,0
DA:403,0
DA:404,0
DA:406,0
DA:409,0
DA:410,0
DA:411,0
DA:418,0
DA:420,0
DA:422,0
DA:425,0
DA:427,0
DA:428,0
DA:431,0
DA:437,0
DA:438,0
DA:446,0
DA:454,0
DA:489,0
DA:490,0
DA:491,0
DA:494,0
DA:523,0
DA:552,0
LF:144
LH:0
BRDA:45,0,0,0
BRDA:45,0,1,0
BRDA:45,0,2,0
BRDA:50,1,0,0
BRDA:50,1,1,0
BRDA:55,2,0,0
BRDA:55,2,1,0
BRDA:55,3,0,0
BRDA:55,3,1,0
BRDA:64,4,0,0
BRDA:64,4,1,0
BRDA:75,5,0,0
BRDA:75,5,1,0
BRDA:90,6,0,0
BRDA:90,6,1,0
BRDA:93,7,0,0
BRDA:93,7,1,0
BRDA:98,8,0,0
BRDA:98,8,1,0
BRDA:110,9,0,0
BRDA:110,9,1,0
BRDA:114,10,0,0
BRDA:114,10,1,0
BRDA:118,11,0,0
BRDA:118,11,1,0
BRDA:127,12,0,0
BRDA:127,12,1,0
BRDA:130,13,0,0
BRDA:130,13,1,0
BRDA:134,14,0,0
BRDA:134,14,1,0
BRDA:144,15,0,0
BRDA:144,15,1,0
BRDA:154,16,0,0
BRDA:154,16,1,0
BRDA:154,16,2,0
BRDA:203,17,0,0
BRDA:203,17,1,0
BRDA:204,18,0,0
BRDA:204,18,1,0
BRDA:205,19,0,0
BRDA:205,19,1,0
BRDA:211,20,0,0
BRDA:211,20,1,0
BRDA:212,21,0,0
BRDA:212,21,1,0
BRDA:218,22,0,0
BRDA:218,22,1,0
BRDA:219,23,0,0
BRDA:219,23,1,0
BRDA:229,24,0,0
BRDA:229,24,1,0
BRDA:230,25,0,0
BRDA:230,25,1,0
BRDA:234,26,0,0
BRDA:234,26,1,0
BRDA:235,27,0,0
BRDA:235,27,1,0
BRDA:245,28,0,0
BRDA:245,28,1,0
BRDA:246,29,0,0
BRDA:246,29,1,0
BRDA:264,30,0,0
BRDA:264,30,1,0
BRDA:269,31,0,0
BRDA:269,31,1,0
BRDA:270,32,0,0
BRDA:270,32,1,0
BRDA:276,33,0,0
BRDA:276,33,1,0
BRDA:277,34,0,0
BRDA:277,34,1,0
BRDA:278,35,0,0
BRDA:278,35,1,0
BRDA:283,36,0,0
BRDA:283,36,1,0
BRDA:284,37,0,0
BRDA:284,37,1,0
BRDA:286,38,0,0
BRDA:286,38,1,0
BRDA:305,39,0,0
BRDA:305,39,1,0
BRDA:305,39,2,0
BRDA:305,39,3,0
BRDA:308,40,0,0
BRDA:308,40,1,0
BRDA:308,41,0,0
BRDA:308,41,1,0
BRDA:309,42,0,0
BRDA:309,42,1,0
BRDA:322,43,0,0
BRDA:322,43,1,0
BRDA:325,44,0,0
BRDA:325,44,1,0
BRDA:332,45,0,0
BRDA:332,45,1,0
BRDA:332,45,2,0
BRDA:332,45,3,0
BRDA:333,46,0,0
BRDA:333,46,1,0
BRDA:333,46,2,0
BRDA:333,46,3,0
BRDA:348,47,0,0
BRDA:348,47,1,0
BRDA:357,48,0,0
BRDA:357,48,1,0
BRDA:362,49,0,0
BRDA:362,49,1,0
BRDA:374,50,0,0
BRDA:374,50,1,0
BRDA:383,51,0,0
BRDA:383,51,1,0
BRDA:384,52,0,0
BRDA:384,52,1,0
BRDA:400,53,0,0
BRDA:400,53,1,0
BRDA:402,54,0,0
BRDA:402,54,1,0
BRDA:402,54,2,0
BRDA:404,55,0,0
BRDA:404,55,1,0
BRDA:410,56,0,0
BRDA:410,56,1,0
BRDA:411,57,0,0
BRDA:411,57,1,0
BRDA:418,58,0,0
BRDA:418,58,1,0
BRDA:422,59,0,0
BRDA:422,59,1,0
BRDA:427,60,0,0
BRDA:427,60,1,0
BRDA:437,61,0,0
BRDA:437,61,1,0
BRDA:437,62,0,0
BRDA:437,62,1,0
BRDA:497,63,0,0
BRDA:497,63,1,0
BRDA:502,64,0,0
BRDA:502,64,1,0
BRDA:507,65,0,0
BRDA:507,65,1,0
BRDA:509,66,0,0
BRDA:509,66,1,0
BRDA:520,67,0,0
BRDA:520,67,1,0
BRDA:526,68,0,0
BRDA:526,68,1,0
BRF:147
BRH:0
end_of_record
TN:
SF:app/(tabs)/create.tsx
FN:54,CreateReviewScreen
FN:92,(anonymous_1)
FN:101,(anonymous_2)
FN:102,(anonymous_3)
FN:117,(anonymous_4)
FN:145,(anonymous_5)
FN:148,(anonymous_6)
FN:160,(anonymous_7)
FN:161,(anonymous_8)
FN:163,(anonymous_9)
FN:171,(anonymous_10)
FN:191,(anonymous_11)
FN:195,(anonymous_12)
FN:214,(anonymous_13)
FN:218,(anonymous_14)
FN:219,(anonymous_15)
FN:219,(anonymous_16)
FN:223,(anonymous_17)
FN:252,(anonymous_18)
FN:278,(anonymous_19)
FN:294,(anonymous_20)
FN:320,(anonymous_21)
FN:324,(anonymous_22)
FN:349,(anonymous_23)
FN:424,(anonymous_24)
FN:429,(anonymous_25)
FN:522,(anonymous_26)
FN:542,(anonymous_27)
FN:545,(anonymous_28)
FN:591,(anonymous_29)
FN:595,(anonymous_30)
FN:630,(anonymous_31)
FNF:32
FNH:0
FNDA:0,CreateReviewScreen
FNDA:0,(anonymous_1)
FNDA:0,(anonymous_2)
FNDA:0,(anonymous_3)
FNDA:0,(anonymous_4)
FNDA:0,(anonymous_5)
FNDA:0,(anonymous_6)
FNDA:0,(anonymous_7)
FNDA:0,(anonymous_8)
FNDA:0,(anonymous_9)
FNDA:0,(anonymous_10)
FNDA:0,(anonymous_11)
FNDA:0,(anonymous_12)
FNDA:0,(anonymous_13)
FNDA:0,(anonymous_14)
FNDA:0,(anonymous_15)
FNDA:0,(anonymous_16)
FNDA:0,(anonymous_17)
FNDA:0,(anonymous_18)
FNDA:0,(anonymous_19)
FNDA:0,(anonymous_20)
FNDA:0,(anonymous_21)
FNDA:0,(anonymous_22)
FNDA:0,(anonymous_23)
FNDA:0,(anonymous_24)
FNDA:0,(anonymous_25)
FNDA:0,(anonymous_26)
FNDA:0,(anonymous_27)
FNDA:0,(anonymous_28)
FNDA:0,(anonymous_29)
FNDA:0,(anonymous_30)
FNDA:0,(anonymous_31)
DA:48,0
DA:50,0
DA:55,0
DA:56,0
DA:57,0
DA:58,0
DA:59,0
DA:62,0
DA:63,0
DA:64,0
DA:65,0
DA:66,0
DA:67,0
DA:68,0
DA:69,0
DA:70,0
DA:71,0
DA:72,0
DA:73,0
DA:74,0
DA:77,0
DA:80,0
DA:83,0
DA:92,0
DA:93,0
DA:95,0
DA:96,0
DA:101,0
DA:102,0
DA:103,0
DA:104,0
DA:105,0
DA:109,0
DA:113,0
DA:117,0
DA:118,0
DA:119,0
DA:120,0
DA:121,0
DA:122,0
DA:125,0
DA:126,0
DA:131,0
DA:132,0
DA:133,0
DA:134,0
DA:137,0
DA:138,0
DA:140,0
DA:145,0
DA:146,0
DA:147,0
DA:148,0
DA:149,0
DA:160,0
DA:161,0
DA:162,0
DA:163,0
DA:165,0
DA:171,0
DA:172,0
DA:173,0
DA:174,0
DA:175,0
DA:178,0
DA:185,0
DA:186,0
DA:191,0
DA:195,0
DA:196,0
DA:197,0
DA:198,0
DA:199,0
DA:202,0
DA:208,0
DA:209,0
DA:214,0
DA:218,0
DA:219,0
DA:223,0
DA:224,0
DA:226,0
DA:227,0
DA:230,0
DA:231,0
DA:234,0
DA:235,0
DA:238,0
DA:239,0
DA:240,0
DA:241,0
DA:243,0
DA:244,0
DA:247,0
DA:248,0
DA:252,0
DA:253,0
DA:254,0
DA:255,0
DA:258,0
DA:259,0
DA:260,0
DA:263,0
DA:265,0
DA:266,0
DA:278,0
DA:286,0
DA:288,0
DA:296,0
DA:297,0
DA:298,0
DA:299,0
DA:300,0
DA:301,0
DA:302,0
DA:303,0
DA:304,0
DA:305,0
DA:308,0
DA:314,0
DA:316,0
DA:320,0
DA:321,0
DA:324,0
DA:349,0
DA:376,0
DA:425,0
DA:426,0
DA:429,0
DA:522,0
DA:543,0
DA:546,0
DA:547,0
DA:592,0
DA:595,0
DA:630,0
DA:676,0
LF:137
LH:0
BRDA:95,0,0,0
BRDA:95,0,1,0
BRDA:95,1,0,0
BRDA:95,1,1,0
BRDA:104,2,0,0
BRDA:104,2,1,0
BRDA:109,3,0,0
BRDA:109,3,1,0
BRDA:109,3,2,0
BRDA:120,4,0,0
BRDA:120,4,1,0
BRDA:131,5,0,0
BRDA:131,5,1,0
BRDA:137,6,0,0
BRDA:137,6,1,0
BRDA:138,7,0,0
BRDA:138,7,1,0
BRDA:147,8,0,0
BRDA:147,8,1,0
BRDA:149,9,0,0
BRDA:149,9,1,0
BRDA:162,10,0,0
BRDA:162,10,1,0
BRDA:173,11,0,0
BRDA:173,11,1,0
BRDA:185,12,0,0
BRDA:185,12,1,0
BRDA:185,13,0,0
BRDA:185,13,1,0
BRDA:197,14,0,0
BRDA:197,14,1,0
BRDA:208,15,0,0
BRDA:208,15,1,0
BRDA:208,16,0,0
BRDA:208,16,1,0
BRDA:226,17,0,0
BRDA:226,17,1,0
BRDA:230,18,0,0
BRDA:230,18,1,0
BRDA:234,19,0,0
BRDA:234,19,1,0
BRDA:238,20,0,0
BRDA:238,20,1,0
BRDA:240,21,0,0
BRDA:240,21,1,0
BRDA:243,22,0,0
BRDA:243,22,1,0
BRDA:253,23,0,0
BRDA:253,23,1,0
BRDA:258,24,0,0
BRDA:258,24,1,0
BRDA:271,25,0,0
BRDA:271,25,1,0
BRDA:274,26,0,0
BRDA:274,26,1,0
BRDA:275,27,0,0
BRDA:275,27,1,0
BRDA:276,28,0,0
BRDA:276,28,1,0
BRDA:277,29,0,0
BRDA:277,29,1,0
BRDA:328,30,0,0
BRDA:328,30,1,0
BRDA:329,31,0,0
BRDA:329,31,1,0
BRDA:335,32,0,0
BRDA:335,32,1,0
BRDA:336,33,0,0
BRDA:336,33,1,0
BRDA:340,34,0,0
BRDA:340,34,1,0
BRDA:353,35,0,0
BRDA:353,35,1,0
BRDA:354,36,0,0
BRDA:354,36,1,0
BRDA:360,37,0,0
BRDA:360,37,1,0
BRDA:361,38,0,0
BRDA:361,38,1,0
BRDA:365,39,0,0
BRDA:365,39,1,0
BRDA:380,40,0,0
BRDA:380,40,1,0
BRDA:418,41,0,0
BRDA:418,41,1,0
BRDA:433,42,0,0
BRDA:433,42,1,0
BRDA:434,43,0,0
BRDA:434,43,1,0
BRDA:439,44,0,0
BRDA:439,44,1,0
BRDA:459,45,0,0
BRDA:459,45,1,0
BRDA:491,46,0,0
BRDA:491,46,1,0
BRDA:509,47,0,0
BRDA:509,47,1,0
BRDA:532,48,0,0
BRDA:532,48,1,0
BRDA:536,49,0,0
BRDA:536,49,1,0
BRDA:540,50,0,0
BRDA:540,50,1,0
BRDA:554,51,0,0
BRDA:554,51,1,0
BRDA:578,52,0,0
BRDA:578,52,1,0
BRDA:602,53,0,0
BRDA:602,53,1,0
BRDA:645,54,0,0
BRDA:645,54,1,0
BRDA:646,55,0,0
BRDA:646,55,1,0
BRDA:650,56,0,0
BRDA:650,56,1,0
BRDA:668,57,0,0
BRDA:668,57,1,0
BRF:117
BRH:0
end_of_record
TN:
SF:app/(tabs)/index.tsx
FN:36,(anonymous_0)
FN:71,HomeScreen
FN:97,(anonymous_2)
FN:101,(anonymous_3)
FN:122,(anonymous_4)
FN:140,(anonymous_5)
FN:144,(anonymous_6)
FN:147,(anonymous_7)
FN:151,(anonymous_8)
FN:156,(anonymous_9)
FN:165,(anonymous_10)
FN:173,(anonymous_11)
FN:180,(anonymous_12)
FN:194,(anonymous_13)
FN:201,(anonymous_14)
FN:210,(anonymous_15)
FN:216,(anonymous_16)
FN:232,(anonymous_17)
FN:244,(anonymous_18)
FN:274,(anonymous_19)
FN:277,(anonymous_20)
FN:322,(anonymous_21)
FN:326,(anonymous_22)
FN:396,(anonymous_23)
FN:455,(anonymous_24)
FN:458,(anonymous_25)
FN:473,(anonymous_26)
FN:477,(anonymous_27)
FN:482,(anonymous_28)
FN:484,(anonymous_29)
FN:489,(anonymous_30)
FN:498,(anonymous_31)
FN:504,(anonymous_32)
FN:540,(anonymous_33)
FN:557,(anonymous_34)
FN:562,(anonymous_35)
FN:574,(anonymous_36)
FN:582,(anonymous_37)
FN:612,(anonymous_38)
FN:613,(anonymous_39)
FN:614,(anonymous_40)
FN:643,(anonymous_41)
FN:647,(anonymous_42)
FN:653,(anonymous_43)
FN:656,(anonymous_44)
FN:684,(anonymous_45)
FN:688,(anonymous_46)
FNF:47
FNH:0
FNDA:0,(anonymous_0)
FNDA:0,HomeScreen
FNDA:0,(anonymous_2)
FNDA:0,(anonymous_3)
FNDA:0,(anonymous_4)
FNDA:0,(anonymous_5)
FNDA:0,(anonymous_6)
FNDA:0,(anonymous_7)
FNDA:0,(anonymous_8)
FNDA:0,(anonymous_9)
FNDA:0,(anonymous_10)
FNDA:0,(anonymous_11)
FNDA:0,(anonymous_12)
FNDA:0,(anonymous_13)
FNDA:0,(anonymous_14)
FNDA:0,(anonymous_15)
FNDA:0,(anonymous_16)
FNDA:0,(anonymous_17)
FNDA:0,(anonymous_18)
FNDA:0,(anonymous_19)
FNDA:0,(anonymous_20)
FNDA:0,(anonymous_21)
FNDA:0,(anonymous_22)
FNDA:0,(anonymous_23)
FNDA:0,(anonymous_24)
FNDA:0,(anonymous_25)
FNDA:0,(anonymous_26)
FNDA:0,(anonymous_27)
FNDA:0,(anonymous_28)
FNDA:0,(anonymous_29)
FNDA:0,(anonymous_30)
FNDA:0,(anonymous_31)
FNDA:0,(anonymous_32)
FNDA:0,(anonymous_33)
FNDA:0,(anonymous_34)
FNDA:0,(anonymous_35)
FNDA:0,(anonymous_36)
FNDA:0,(anonymous_37)
FNDA:0,(anonymous_38)
FNDA:0,(anonymous_39)
FNDA:0,(anonymous_40)
FNDA:0,(anonymous_41)
FNDA:0,(anonymous_42)
FNDA:0,(anonymous_43)
FNDA:0,(anonymous_44)
FNDA:0,(anonymous_45)
FNDA:0,(anonymous_46)
DA:33,0
DA:36,0
DA:43,0
DA:69,0
DA:72,0
DA:73,0
DA:74,0
DA:75,0
DA:76,0
DA:77,0
DA:78,0
DA:79,0
DA:80,0
DA:81,0
DA:82,0
DA:84,0
DA:85,0
DA:90,0
DA:93,0
DA:94,0
DA:95,0
DA:97,0
DA:98,0
DA:101,0
DA:102,0
DA:103,0
DA:105,0
DA:106,0
DA:108,0
DA:109,0
DA:110,0
DA:112,0
DA:113,0
DA:117,0
DA:121,0
DA:122,0
DA:126,0
DA:128,0
DA:129,0
DA:132,0
DA:134,0
DA:135,0
DA:140,0
DA:141,0
DA:142,0
DA:144,0
DA:147,0
DA:148,0
DA:151,0
DA:152,0
DA:156,0
DA:160,0
DA:161,0
DA:165,0
DA:166,0
DA:167,0
DA:168,0
DA:169,0
DA:170,0
DA:172,0
DA:173,0
DA:176,0
DA:180,0
DA:181,0
DA:182,0
DA:183,0
DA:184,0
DA:185,0
DA:186,0
DA:187,0
DA:188,0
DA:189,0
DA:191,0
DA:194,0
DA:195,0
DA:196,0
DA:197,0
DA:198,0
DA:201,0
DA:202,0
DA:210,0
DA:212,0
DA:213,0
DA:216,0
DA:217,0
DA:218,0
DA:220,0
DA:221,0
DA:222,0
DA:224,0
DA:225,0
DA:226,0
DA:230,0
DA:231,0
DA:232,0
DA:237,0
DA:238,0
DA:240,0
DA:242,0
DA:244,0
DA:245,0
DA:246,0
DA:247,0
DA:249,0
DA:251,0
DA:253,0
DA:254,0
DA:256,0
DA:258,0
DA:260,0
DA:264,0
DA:268,0
DA:269,0
DA:270,0
DA:271,0
DA:272,0
DA:274,0
DA:275,0
DA:276,0
DA:277,0
DA:278,0
DA:279,0
DA:281,0
DA:299,0
DA:302,0
DA:306,0
DA:307,0
DA:310,0
DA:311,0
DA:313,0
DA:314,0
DA:319,0
DA:322,0
DA:324,0
DA:326,0
DA:328,0
DA:329,0
DA:330,0
DA:331,0
DA:332,0
DA:333,0
DA:334,0
DA:342,0
DA:343,0
DA:344,0
DA:345,0
DA:346,0
DA:347,0
DA:348,0
DA:350,0
DA:352,0
DA:353,0
DA:354,0
DA:355,0
DA:356,0
DA:357,0
DA:358,0
DA:361,0
DA:362,0
DA:363,0
DA:364,0
DA:367,0
DA:369,0
DA:370,0
DA:371,0
DA:372,0
DA:373,0
DA:374,0
DA:375,0
DA:378,0
DA:379,0
DA:380,0
DA:381,0
DA:385,0
DA:396,0
DA:397,0
DA:398,0
DA:401,0
DA:402,0
DA:403,0
DA:404,0
DA:408,0
DA:411,0
DA:412,0
DA:415,0
DA:416,0
DA:417,0
DA:418,0
DA:419,0
DA:420,0
DA:421,0
DA:422,0
DA:425,0
DA:427,0
DA:434,0
DA:445,0
DA:446,0
DA:447,0
DA:449,0
DA:451,0
DA:455,0
DA:456,0
DA:458,0
DA:459,0
DA:460,0
DA:465,0
DA:466,0
DA:468,0
DA:473,0
DA:474,0
DA:477,0
DA:482,0
DA:484,0
DA:486,0
DA:489,0
DA:490,0
DA:498,0
DA:504,0
DA:540,0
DA:558,0
DA:562,0
DA:574,0
DA:582,0
DA:591,0
DA:612,0
DA:613,0
DA:615,0
DA:643,0
DA:647,0
DA:654,0
DA:657,0
DA:658,0
DA:684,0
DA:688,0
DA:740,0
LF:235
LH:0
BRDA:48,0,0,0
BRDA:48,0,1,0
BRDA:53,1,0,0
BRDA:53,1,1,0
BRDA:59,2,0,0
BRDA:59,2,1,0
BRDA:60,3,0,0
BRDA:60,3,1,0
BRDA:102,4,0,0
BRDA:102,4,1,0
BRDA:102,5,0,0
BRDA:102,5,1,0
BRDA:108,6,0,0
BRDA:108,6,1,0
BRDA:109,7,0,0
BRDA:109,7,1,0
BRDA:128,8,0,0
BRDA:128,8,1,0
BRDA:141,9,0,0
BRDA:141,9,1,0
BRDA:166,10,0,0
BRDA:166,10,1,0
BRDA:167,11,0,0
BRDA:167,11,1,0
BRDA:168,12,0,0
BRDA:168,12,1,0
BRDA:168,13,0,0
BRDA:168,13,1,0
BRDA:172,14,0,0
BRDA:172,14,1,0
BRDA:172,14,2,0
BRDA:172,14,3,0
BRDA:172,15,0,0
BRDA:172,15,1,0
BRDA:173,16,0,0
BRDA:173,16,1,0
BRDA:181,17,0,0
BRDA:181,17,1,0
BRDA:182,18,0,0
BRDA:182,18,1,0
BRDA:182,19,0,0
BRDA:182,19,1,0
BRDA:184,20,0,0
BRDA:184,20,1,0
BRDA:184,21,0,0
BRDA:184,21,1,0
BRDA:185,22,0,0
BRDA:185,22,1,0
BRDA:185,23,0,0
BRDA:185,23,1,0
BRDA:187,24,0,0
BRDA:187,24,1,0
BRDA:188,25,0,0
BRDA:188,25,1,0
BRDA:188,25,2,0
BRDA:189,26,0,0
BRDA:189,26,1,0
BRDA:189,27,0,0
BRDA:189,27,1,0
BRDA:196,28,0,0
BRDA:196,28,1,0
BRDA:198,29,0,0
BRDA:198,29,1,0
BRDA:198,29,2,0
BRDA:203,30,0,0
BRDA:203,30,1,0
BRDA:203,30,2,0
BRDA:203,30,3,0
BRDA:220,31,0,0
BRDA:220,31,1,0
BRDA:221,32,0,0
BRDA:221,32,1,0
BRDA:237,33,0,0
BRDA:237,33,1,0
BRDA:242,34,0,0
BRDA:242,34,1,0
BRDA:242,35,0,0
BRDA:242,35,1,0
BRDA:246,36,0,0
BRDA:246,36,1,0
BRDA:251,37,0,0
BRDA:251,37,1,0
BRDA:253,38,0,0
BRDA:253,38,1,0
BRDA:258,39,0,0
BRDA:258,39,1,0
BRDA:270,40,0,0
BRDA:270,40,1,0
BRDA:271,41,0,0
BRDA:271,41,1,0
BRDA:272,42,0,0
BRDA:272,42,1,0
BRDA:272,42,2,0
BRDA:275,43,0,0
BRDA:275,43,1,0
BRDA:278,44,0,0
BRDA:278,44,1,0
BRDA:279,45,0,0
BRDA:279,45,1,0
BRDA:282,46,0,0
BRDA:282,46,1,0
BRDA:282,46,2,0
BRDA:282,46,3,0
BRDA:282,46,4,0
BRDA:282,46,5,0
BRDA:282,46,6,0
BRDA:282,46,7,0
BRDA:282,46,8,0
BRDA:282,46,9,0
BRDA:282,46,10,0
BRDA:282,46,11,0
BRDA:302,47,0,0
BRDA:302,47,1,0
BRDA:306,48,0,0
BRDA:306,48,1,0
BRDA:307,49,0,0
BRDA:307,49,1,0
BRDA:324,50,0,0
BRDA:324,50,1,0
BRDA:329,51,0,0
BRDA:329,51,1,0
BRDA:331,52,0,0
BRDA:331,52,1,0
BRDA:335,53,0,0
BRDA:335,53,1,0
BRDA:335,53,2,0
BRDA:335,54,0,0
BRDA:335,54,1,0
BRDA:335,55,0,0
BRDA:335,55,1,0
BRDA:336,56,0,0
BRDA:336,56,1,0
BRDA:337,57,0,0
BRDA:337,57,1,0
BRDA:338,58,0,0
BRDA:338,58,1,0
BRDA:339,59,0,0
BRDA:339,59,1,0
BRDA:342,60,0,0
BRDA:342,60,1,0
BRDA:350,61,0,0
BRDA:350,61,1,0
BRDA:353,62,0,0
BRDA:353,62,1,0
BRDA:367,63,0,0
BRDA:367,63,1,0
BRDA:370,64,0,0
BRDA:370,64,1,0
BRDA:398,65,0,0
BRDA:398,65,1,0
BRDA:402,66,0,0
BRDA:402,66,1,0
BRDA:412,67,0,0
BRDA:412,67,1,0
BRDA:419,68,0,0
BRDA:419,68,1,0
BRDA:420,69,0,0
BRDA:420,69,1,0
BRDA:420,69,2,0
BRDA:421,70,0,0
BRDA:421,70,1,0
BRDA:421,70,2,0
BRDA:422,71,0,0
BRDA:422,71,1,0
BRDA:425,72,0,0
BRDA:425,72,1,0
BRDA:456,73,0,0
BRDA:456,73,1,0
BRDA:459,74,0,0
BRDA:459,74,1,0
BRDA:482,75,0,0
BRDA:482,75,1,0
BRDA:486,76,0,0
BRDA:486,76,1,0
BRDA:520,77,0,0
BRDA:520,77,1,0
BRDA:523,78,0,0
BRDA:523,78,1,0
BRDA:525,79,0,0
BRDA:525,79,1,0
BRDA:572,80,0,0
BRDA:572,80,1,0
BRDA:575,81,0,0
BRDA:575,81,1,0
BRDA:593,82,0,0
BRDA:593,82,1,0
BRDA:593,83,0,0
BRDA:593,83,1,0
BRDA:605,84,0,0
BRDA:605,84,1,0
BRDA:609,85,0,0
BRDA:609,85,1,0
BRDA:610,86,0,0
BRDA:610,86,1,0
BRDA:610,87,0,0
BRDA:610,87,1,0
BRDA:663,88,0,0
BRDA:663,88,1,0
BRDA:668,89,0,0
BRDA:668,89,1,0
BRDA:723,90,0,0
BRDA:723,90,1,0
BRF:202
BRH:0
end_of_record
TN:
SF:app/(tabs)/profile.tsx
FN:62,(anonymous_0)
FN:75,(anonymous_1)
FN:133,(anonymous_2)
FN:136,(anonymous_3)
FN:151,(anonymous_4)
FN:187,ProfileScreen
FN:206,(anonymous_6)
FN:214,(anonymous_7)
FN:220,(anonymous_8)
FN:232,(anonymous_9)
FN:238,(anonymous_10)
FN:243,(anonymous_11)
FN:259,(anonymous_12)
FN:272,(anonymous_13)
FN:286,(anonymous_14)
FN:287,(anonymous_15)
FN:288,(anonymous_16)
FN:297,(anonymous_17)
FN:301,(anonymous_18)
FN:312,(anonymous_19)
FN:314,(anonymous_20)
FN:318,(anonymous_21)
FN:326,(anonymous_22)
FN:330,(anonymous_23)
FN:334,(anonymous_24)
FN:338,(anonymous_25)
FN:344,(anonymous_26)
FN:348,(anonymous_27)
FN:372,(anonymous_28)
FN:375,(anonymous_29)
FN:382,(anonymous_30)
FN:408,(anonymous_31)
FN:480,(anonymous_32)
FN:521,(anonymous_33)
FN:608,(anonymous_34)
FN:671,(anonymous_35)
FN:685,(anonymous_36)
FN:691,(anonymous_37)
FN:754,(anonymous_38)
FN:758,(anonymous_39)
FN:770,(anonymous_40)
FN:774,(anonymous_41)
FNF:42
FNH:0
FNDA:0,(anonymous_0)
FNDA:0,(anonymous_1)
FNDA:0,(anonymous_2)
FNDA:0,(anonymous_3)
FNDA:0,(anonymous_4)
FNDA:0,ProfileScreen
FNDA:0,(anonymous_6)
FNDA:0,(anonymous_7)
FNDA:0,(anonymous_8)
FNDA:0,(anonymous_9)
FNDA:0,(anonymous_10)
FNDA:0,(anonymous_11)
FNDA:0,(anonymous_12)
FNDA:0,(anonymous_13)
FNDA:0,(anonymous_14)
FNDA:0,(anonymous_15)
FNDA:0,(anonymous_16)
FNDA:0,(anonymous_17)
FNDA:0,(anonymous_18)
FNDA:0,(anonymous_19)
FNDA:0,(anonymous_20)
FNDA:0,(anonymous_21)
FNDA:0,(anonymous_22)
FNDA:0,(anonymous_23)
FNDA:0,(anonymous_24)
FNDA:0,(anonymous_25)
FNDA:0,(anonymous_26)
FNDA:0,(anonymous_27)
FNDA:0,(anonymous_28)
FNDA:0,(anonymous_29)
FNDA:0,(anonymous_30)
FNDA:0,(anonymous_31)
FNDA:0,(anonymous_32)
FNDA:0,(anonymous_33)
FNDA:0,(anonymous_34)
FNDA:0,(anonymous_35)
FNDA:0,(anonymous_36)
FNDA:0,(anonymous_37)
FNDA:0,(anonymous_38)
FNDA:0,(anonymous_39)
FNDA:0,(anonymous_40)
FNDA:0,(anonymous_41)
DA:50,0
DA:62,0
DA:63,0
DA:64,0
DA:66,0
DA:75,0
DA:84,0
DA:85,0
DA:105,0
DA:133,0
DA:134,0
DA:136,0
DA:137,0
DA:139,0
DA:141,0
DA:143,0
DA:145,0
DA:147,0
DA:151,0
DA:152,0
DA:153,0
DA:154,0
DA:156,0
DA:157,0
DA:158,0
DA:159,0
DA:160,0
DA:161,0
DA:163,0
DA:167,0
DA:188,0
DA:189,0
DA:190,0
DA:191,0
DA:192,0
DA:195,0
DA:196,0
DA:197,0
DA:200,0
DA:201,0
DA:202,0
DA:203,0
DA:204,0
DA:206,0
DA:207,0
DA:208,0
DA:210,0
DA:212,0
DA:213,0
DA:214,0
DA:215,0
DA:218,0
DA:219,0
DA:220,0
DA:221,0
DA:224,0
DA:225,0
DA:228,0
DA:232,0
DA:233,0
DA:235,0
DA:238,0
DA:239,0
DA:243,0
DA:244,0
DA:245,0
DA:246,0
DA:247,0
DA:248,0
DA:250,0
DA:251,0
DA:253,0
DA:255,0
DA:259,0
DA:260,0
DA:261,0
DA:262,0
DA:263,0
DA:265,0
DA:266,0
DA:268,0
DA:272,0
DA:273,0
DA:274,0
DA:275,0
DA:276,0
DA:278,0
DA:279,0
DA:282,0
DA:286,0
DA:287,0
DA:288,0
DA:290,0
DA:297,0
DA:298,0
DA:299,0
DA:300,0
DA:301,0
DA:304,0
DA:312,0
DA:313,0
DA:314,0
DA:315,0
DA:318,0
DA:319,0
DA:320,0
DA:326,0
DA:327,0
DA:330,0
DA:331,0
DA:334,0
DA:335,0
DA:338,0
DA:339,0
DA:340,0
DA:344,0
DA:345,0
DA:347,0
DA:349,0
DA:350,0
DA:351,0
DA:355,0
DA:356,0
DA:369,0
DA:373,0
DA:375,0
DA:382,0
DA:388,0
DA:389,0
DA:402,0
DA:409,0
DA:416,0
DA:480,0
DA:505,0
DA:509,0
DA:510,0
DA:521,0
DA:531,0
DA:608,0
DA:672,0
DA:686,0
DA:687,0
DA:688,0
DA:691,0
DA:754,0
DA:758,0
DA:771,0
DA:774,0
DA:802,0
LF:149
LH:0
BRDA:78,0,0,0
BRDA:78,0,1,0
BRDA:84,1,0,0
BRDA:84,1,1,0
BRDA:96,2,0,0
BRDA:96,2,1,0
BRDA:116,3,0,0
BRDA:116,3,1,0
BRDA:137,4,0,0
BRDA:137,4,1,0
BRDA:137,4,2,0
BRDA:137,4,3,0
BRDA:137,4,4,0
BRDA:156,5,0,0
BRDA:156,5,1,0
BRDA:158,6,0,0
BRDA:158,6,1,0
BRDA:160,7,0,0
BRDA:160,7,1,0
BRDA:207,8,0,0
BRDA:207,8,1,0
BRDA:224,9,0,0
BRDA:224,9,1,0
BRDA:225,10,0,0
BRDA:225,10,1,0
BRDA:250,11,0,0
BRDA:250,11,1,0
BRDA:251,12,0,0
BRDA:251,12,1,0
BRDA:265,13,0,0
BRDA:265,13,1,0
BRDA:266,14,0,0
BRDA:266,14,1,0
BRDA:278,15,0,0
BRDA:278,15,1,0
BRDA:279,16,0,0
BRDA:279,16,1,0
BRDA:300,17,0,0
BRDA:300,17,1,0
BRDA:339,18,0,0
BRDA:339,18,1,0
BRDA:340,19,0,0
BRDA:340,19,1,0
BRDA:345,20,0,0
BRDA:345,20,1,0
BRDA:345,20,2,0
BRDA:345,20,3,0
BRDA:355,21,0,0
BRDA:355,21,1,0
BRDA:388,22,0,0
BRDA:388,22,1,0
BRDA:427,23,0,0
BRDA:427,23,1,0
BRDA:442,24,0,0
BRDA:442,24,1,0
BRDA:453,25,0,0
BRDA:453,25,1,0
BRDA:459,26,0,0
BRDA:459,26,1,0
BRDA:509,27,0,0
BRDA:509,27,1,0
BRDA:582,28,0,0
BRDA:582,28,1,0
BRDA:596,29,0,0
BRDA:596,29,1,0
BRDA:599,30,0,0
BRDA:599,30,1,0
BRDA:620,31,0,0
BRDA:620,31,1,0
BRDA:626,32,0,0
BRDA:626,32,1,0
BRDA:632,33,0,0
BRDA:632,33,1,0
BRDA:633,34,0,0
BRDA:633,34,1,0
BRDA:648,35,0,0
BRDA:648,35,1,0
BRDA:658,36,0,0
BRDA:658,36,1,0
BRDA:665,37,0,0
BRDA:665,37,1,0
BRDA:669,38,0,0
BRDA:669,38,1,0
BRDA:669,38,2,0
BRDA:673,39,0,0
BRDA:673,39,1,0
BRDA:696,40,0,0
BRDA:696,40,1,0
BRDA:701,41,0,0
BRDA:701,41,1,0
BRDA:703,42,0,0
BRDA:703,42,1,0
BRDA:786,43,0,0
BRDA:786,43,1,0
BRDA:792,44,0,0
BRDA:792,44,1,0
BRF:96
BRH:0
end_of_record
TN:
SF:app/(tabs)/search.tsx
FN:30,SearchScreen
FN:87,(anonymous_1)
FN:88,(anonymous_2)
FN:91,(anonymous_3)
FN:95,(anonymous_4)
FN:96,(anonymous_5)
FN:126,(anonymous_6)
FN:139,(anonymous_7)
FN:148,(anonymous_8)
FN:152,(anonymous_9)
FN:156,(anonymous_10)
FN:183,(anonymous_11)
FN:189,(anonymous_12)
FN:196,(anonymous_13)
FN:202,(anonymous_14)
FN:208,(anonymous_15)
FN:215,(anonymous_16)
FN:216,(anonymous_17)
FN:248,(anonymous_18)
FN:249,(anonymous_19)
FN:285,(anonymous_20)
FN:287,(anonymous_21)
FN:295,(anonymous_22)
FN:308,(anonymous_23)
FN:311,(anonymous_24)
FN:330,(anonymous_25)
FN:333,(anonymous_26)
FN:359,(anonymous_27)
FN:383,(anonymous_28)
FN:392,(anonymous_29)
FN:401,(anonymous_30)
FN:407,(anonymous_31)
FNF:32
FNH:0
FNDA:0,SearchScreen
FNDA:0,(anonymous_1)
FNDA:0,(anonymous_2)
FNDA:0,(anonymous_3)
FNDA:0,(anonymous_4)
FNDA:0,(anonymous_5)
FNDA:0,(anonymous_6)
FNDA:0,(anonymous_7)
FNDA:0,(anonymous_8)
FNDA:0,(anonymous_9)
FNDA:0,(anonymous_10)
FNDA:0,(anonymous_11)
FNDA:0,(anonymous_12)
FNDA:0,(anonymous_13)
FNDA:0,(anonymous_14)
FNDA:0,(anonymous_15)
FNDA:0,(anonymous_16)
FNDA:0,(anonymous_17)
FNDA:0,(anonymous_18)
FNDA:0,(anonymous_19)
FNDA:0,(anonymous_20)
FNDA:0,(anonymous_21)
FNDA:0,(anonymous_22)
FNDA:0,(anonymous_23)
FNDA:0,(anonymous_24)
FNDA:0,(anonymous_25)
FNDA:0,(anonymous_26)
FNDA:0,(anonymous_27)
FNDA:0,(anonymous_28)
FNDA:0,(anonymous_29)
FNDA:0,(anonymous_30)
FNDA:0,(anonymous_31)
DA:31,0
DA:32,0
DA:33,0
DA:34,0
DA:35,0
DA:38,0
DA:39,0
DA:40,0
DA:43,0
DA:44,0
DA:45,0
DA:48,0
DA:49,0
DA:50,0
DA:51,0
DA:52,0
DA:53,0
DA:56,0
DA:61,0
DA:71,0
DA:72,0
DA:73,0
DA:74,0
DA:80,0
DA:87,0
DA:88,0
DA:89,0
DA:91,0
DA:95,0
DA:96,0
DA:97,0
DA:98,0
DA:99,0
DA:100,0
DA:103,0
DA:104,0
DA:105,0
DA:109,0
DA:110,0
DA:112,0
DA:113,0
DA:115,0
DA:116,0
DA:118,0
DA:122,0
DA:126,0
DA:127,0
DA:129,0
DA:130,0
DA:132,0
DA:133,0
DA:135,0
DA:136,0
DA:138,0
DA:139,0
DA:140,0
DA:143,0
DA:147,0
DA:148,0
DA:151,0
DA:152,0
DA:156,0
DA:157,0
DA:159,0
DA:160,0
DA:161,0
DA:163,0
DA:164,0
DA:166,0
DA:168,0
DA:169,0
DA:170,0
DA:171,0
DA:173,0
DA:176,0
DA:180,0
DA:183,0
DA:184,0
DA:185,0
DA:189,0
DA:190,0
DA:191,0
DA:192,0
DA:196,0
DA:197,0
DA:198,0
DA:199,0
DA:202,0
DA:203,0
DA:205,0
DA:208,0
DA:213,0
DA:215,0
DA:216,0
DA:246,0
DA:248,0
DA:249,0
DA:281,0
DA:285,0
DA:287,0
DA:289,0
DA:290,0
DA:292,0
DA:295,0
DA:296,0
DA:297,0
DA:309,0
DA:311,0
DA:331,0
DA:333,0
DA:346,0
DA:347,0
DA:356,0
DA:360,0
DA:361,0
DA:362,0
DA:368,0
DA:383,0
DA:392,0
DA:402,0
DA:403,0
DA:404,0
DA:407,0
DA:456,0
LF:124
LH:0
BRDA:97,0,0,0
BRDA:97,0,1,0
BRDA:112,1,0,0
BRDA:112,1,1,0
BRDA:113,2,0,0
BRDA:113,2,1,0
BRDA:127,3,0,0
BRDA:127,3,1,0
BRDA:130,4,0,0
BRDA:130,4,1,0
BRDA:130,4,2,0
BRDA:140,5,0,0
BRDA:140,5,1,0
BRDA:140,5,2,0
BRDA:147,6,0,0
BRDA:147,6,1,0
BRDA:147,7,0,0
BRDA:147,7,1,0
BRDA:151,8,0,0
BRDA:151,8,1,0
BRDA:151,9,0,0
BRDA:151,9,1,0
BRDA:157,10,0,0
BRDA:157,10,1,0
BRDA:157,10,2,0
BRDA:157,10,3,0
BRDA:157,10,4,0
BRDA:159,11,0,0
BRDA:159,11,1,0
BRDA:160,12,0,0
BRDA:160,12,1,0
BRDA:163,13,0,0
BRDA:163,13,1,0
BRDA:164,14,0,0
BRDA:164,14,1,0
BRDA:164,15,0,0
BRDA:164,15,1,0
BRDA:168,16,0,0
BRDA:168,16,1,0
BRDA:169,17,0,0
BRDA:169,17,1,0
BRDA:169,18,0,0
BRDA:169,18,1,0
BRDA:170,19,0,0
BRDA:170,19,1,0
BRDA:171,20,0,0
BRDA:171,20,1,0
BRDA:171,21,0,0
BRDA:171,21,1,0
BRDA:184,22,0,0
BRDA:184,22,1,0
BRDA:184,23,0,0
BRDA:184,23,1,0
BRDA:191,24,0,0
BRDA:191,24,1,0
BRDA:203,25,0,0
BRDA:203,25,1,0
BRDA:203,25,2,0
BRDA:203,25,3,0
BRDA:219,26,0,0
BRDA:219,26,1,0
BRDA:229,27,0,0
BRDA:229,27,1,0
BRDA:236,28,0,0
BRDA:236,28,1,0
BRDA:239,29,0,0
BRDA:239,29,1,0
BRDA:252,30,0,0
BRDA:252,30,1,0
BRDA:264,31,0,0
BRDA:264,31,1,0
BRDA:271,32,0,0
BRDA:271,32,1,0
BRDA:285,33,0,0
BRDA:285,33,1,0
BRDA:289,34,0,0
BRDA:289,34,1,0
BRDA:290,35,0,0
BRDA:290,35,1,0
BRDA:296,36,0,0
BRDA:296,36,1,0
BRDA:300,37,0,0
BRDA:300,37,1,0
BRDA:346,38,0,0
BRDA:346,38,1,0
BRDA:385,39,0,0
BRDA:385,39,1,0
BRDA:410,40,0,0
BRDA:410,40,1,0
BRDA:415,41,0,0
BRDA:415,41,1,0
BRDA:422,42,0,0
BRDA:422,42,1,0
BRDA:424,43,0,0
BRDA:424,43,1,0
BRDA:436,44,0,0
BRDA:436,44,1,0
BRDA:436,45,0,0
BRDA:436,45,1,0
BRDA:438,46,0,0
BRDA:438,46,1,0
BRF:101
BRH:0
end_of_record
TN:
SF:app/chat/[id].tsx
FN:37,(anonymous_0)
FN:40,(anonymous_1)
FN:42,(anonymous_2)
FN:124,(anonymous_3)
FN:173,(anonymous_4)
FN:177,(anonymous_5)
FN:221,ChatRoomScreen
FN:235,(anonymous_7)
FN:236,(anonymous_8)
FN:240,(anonymous_9)
FN:242,(anonymous_10)
FN:243,(anonymous_11)
FN:247,(anonymous_12)
FN:249,(anonymous_13)
FN:256,(anonymous_14)
FN:260,(anonymous_15)
FN:265,(anonymous_16)
FN:266,(anonymous_17)
FN:267,(anonymous_18)
FN:268,(anonymous_19)
FN:274,(anonymous_20)
FN:294,(anonymous_21)
FN:299,(anonymous_22)
FN:300,(anonymous_23)
FN:307,(anonymous_24)
FN:308,(anonymous_25)
FN:385,(anonymous_26)
FN:396,(anonymous_27)
FNF:28
FNH:0
FNDA:0,(anonymous_0)
FNDA:0,(anonymous_1)
FNDA:0,(anonymous_2)
FNDA:0,(anonymous_3)
FNDA:0,(anonymous_4)
FNDA:0,(anonymous_5)
FNDA:0,ChatRoomScreen
FNDA:0,(anonymous_7)
FNDA:0,(anonymous_8)
FNDA:0,(anonymous_9)
FNDA:0,(anonymous_10)
FNDA:0,(anonymous_11)
FNDA:0,(anonymous_12)
FNDA:0,(anonymous_13)
FNDA:0,(anonymous_14)
FNDA:0,(anonymous_15)
FNDA:0,(anonymous_16)
FNDA:0,(anonymous_17)
FNDA:0,(anonymous_18)
FNDA:0,(anonymous_19)
FNDA:0,(anonymous_20)
FNDA:0,(anonymous_21)
FNDA:0,(anonymous_22)
FNDA:0,(anonymous_23)
FNDA:0,(anonymous_24)
FNDA:0,(anonymous_25)
FNDA:0,(anonymous_26)
FNDA:0,(anonymous_27)
DA:28,0
DA:37,0
DA:38,0
DA:39,0
DA:40,0
DA:42,0
DA:43,0
DA:47,0
DA:48,0
DA:49,0
DA:50,0
DA:51,0
DA:52,0
DA:54,0
DA:57,0
DA:64,0
DA:124,0
DA:125,0
DA:127,0
DA:173,0
DA:174,0
DA:175,0
DA:177,0
DA:178,0
DA:179,0
DA:181,0
DA:185,0
DA:222,0
DA:223,0
DA:224,0
DA:225,0
DA:226,0
DA:227,0
DA:228,0
DA:231,0
DA:232,0
DA:235,0
DA:236,0
DA:240,0
DA:241,0
DA:242,0
DA:243,0
DA:247,0
DA:248,0
DA:249,0
DA:250,0
DA:256,0
DA:257,0
DA:260,0
DA:261,0
DA:265,0
DA:266,0
DA:267,0
DA:268,0
DA:274,0
DA:275,0
DA:277,0
DA:278,0
DA:279,0
DA:281,0
DA:282,0
DA:284,0
DA:285,0
DA:287,0
DA:288,0
DA:290,0
DA:294,0
DA:295,0
DA:299,0
DA:300,0
DA:307,0
DA:308,0
DA:309,0
DA:310,0
DA:312,0
DA:313,0
DA:314,0
DA:319,0
DA:328,0
DA:329,0
DA:349,0
DA:386,0
DA:396,0
DA:419,0
LF:84
LH:0
BRDA:43,0,0,0
BRDA:43,0,1,0
BRDA:47,1,0,0
BRDA:47,1,1,0
BRDA:49,2,0,0
BRDA:49,2,1,0
BRDA:51,3,0,0
BRDA:51,3,1,0
BRDA:51,4,0,0
BRDA:51,4,1,0
BRDA:67,5,0,0
BRDA:67,5,1,0
BRDA:69,6,0,0
BRDA:69,6,1,0
BRDA:69,6,2,0
BRDA:72,7,0,0
BRDA:72,7,1,0
BRDA:77,8,0,0
BRDA:77,8,1,0
BRDA:77,8,2,0
BRDA:84,9,0,0
BRDA:84,9,1,0
BRDA:88,10,0,0
BRDA:88,10,1,0
BRDA:88,10,2,0
BRDA:93,11,0,0
BRDA:93,11,1,0
BRDA:93,11,2,0
BRDA:98,12,0,0
BRDA:98,12,1,0
BRDA:104,13,0,0
BRDA:104,13,1,0
BRDA:104,13,2,0
BRDA:106,14,0,0
BRDA:106,14,1,0
BRDA:108,15,0,0
BRDA:108,15,1,0
BRDA:144,16,0,0
BRDA:144,16,1,0
BRDA:178,17,0,0
BRDA:178,17,1,0
BRDA:178,18,0,0
BRDA:178,18,1,0
BRDA:213,19,0,0
BRDA:213,19,1,0
BRDA:214,20,0,0
BRDA:214,20,1,0
BRDA:241,21,0,0
BRDA:241,21,1,0
BRDA:248,22,0,0
BRDA:248,22,1,0
BRDA:265,23,0,0
BRDA:265,23,1,0
BRDA:266,24,0,0
BRDA:266,24,1,0
BRDA:267,25,0,0
BRDA:267,25,1,0
BRDA:268,26,0,0
BRDA:268,26,1,0
BRDA:275,27,0,0
BRDA:275,27,1,0
BRDA:275,28,0,0
BRDA:275,28,1,0
BRDA:275,28,2,0
BRDA:275,28,3,0
BRDA:284,29,0,0
BRDA:284,29,1,0
BRDA:285,30,0,0
BRDA:285,30,1,0
BRDA:299,31,0,0
BRDA:299,31,1,0
BRDA:300,32,0,0
BRDA:300,32,1,0
BRDA:309,33,0,0
BRDA:309,33,1,0
BRDA:310,34,0,0
BRDA:310,34,1,0
BRDA:313,35,0,0
BRDA:313,35,1,0
BRDA:313,35,2,0
BRDA:314,36,0,0
BRDA:314,36,1,0
BRDA:314,36,2,0
BRDA:314,36,3,0
BRDA:314,36,4,0
BRDA:328,37,0,0
BRDA:328,37,1,0
BRDA:353,38,0,0
BRDA:353,38,1,0
BRDA:354,39,0,0
BRDA:354,39,1,0
BRDA:366,40,0,0
BRDA:366,40,1,0
BRDA:372,41,0,0
BRDA:372,41,1,0
BRF:95
BRH:0
end_of_record
TN:
SF:app/profile/[id].tsx
FN:43,(anonymous_0)
FN:55,(anonymous_1)
FN:112,(anonymous_2)
FN:116,(anonymous_3)
FN:131,(anonymous_4)
FN:167,UserProfileScreen
FN:187,(anonymous_6)
FN:190,(anonymous_7)
FN:255,(anonymous_8)
FN:259,(anonymous_9)
FN:270,(anonymous_10)
FN:274,(anonymous_11)
FN:301,(anonymous_12)
FN:309,(anonymous_13)
FN:315,(anonymous_14)
FN:323,(anonymous_15)
FN:330,(anonymous_16)
FN:335,(anonymous_17)
FN:336,(anonymous_18)
FN:337,(anonymous_19)
FN:338,(anonymous_20)
FN:344,(anonymous_21)
FN:356,(anonymous_22)
FN:360,(anonymous_23)
FN:380,(anonymous_24)
FN:383,(anonymous_25)
FN:389,(anonymous_26)
FN:414,(anonymous_27)
FN:660,(anonymous_28)
FN:666,(anonymous_29)
FNF:30
FNH:0
FNDA:0,(anonymous_0)
FNDA:0,(anonymous_1)
FNDA:0,(anonymous_2)
FNDA:0,(anonymous_3)
FNDA:0,(anonymous_4)
FNDA:0,UserProfileScreen
FNDA:0,(anonymous_6)
FNDA:0,(anonymous_7)
FNDA:0,(anonymous_8)
FNDA:0,(anonymous_9)
FNDA:0,(anonymous_10)
FNDA:0,(anonymous_11)
FNDA:0,(anonymous_12)
FNDA:0,(anonymous_13)
FNDA:0,(anonymous_14)
FNDA:0,(anonymous_15)
FNDA:0,(anonymous_16)
FNDA:0,(anonymous_17)
FNDA:0,(anonymous_18)
FNDA:0,(anonymous_19)
FNDA:0,(anonymous_20)
FNDA:0,(anonymous_21)
FNDA:0,(anonymous_22)
FNDA:0,(anonymous_23)
FNDA:0,(anonymous_24)
FNDA:0,(anonymous_25)
FNDA:0,(anonymous_26)
FNDA:0,(anonymous_27)
FNDA:0,(anonymous_28)
FNDA:0,(anonymous_29)
DA:31,0
DA:43,0
DA:44,0
DA:45,0
DA:47,0
DA:55,0
DA:63,0
DA:64,0
DA:84,0
DA:112,0
DA:113,0
DA:114,0
DA:116,0
DA:117,0
DA:119,0
DA:121,0
DA:123,0
DA:125,0
DA:127,0
DA:131,0
DA:132,0
DA:133,0
DA:134,0
DA:136,0
DA:137,0
DA:138,0
DA:139,0
DA:140,0
DA:141,0
DA:143,0
DA:147,0
DA:168,0
DA:169,0
DA:170,0
DA:171,0
DA:172,0
DA:173,0
DA:174,0
DA:177,0
DA:178,0
DA:179,0
DA:180,0
DA:181,0
DA:182,0
DA:183,0
DA:184,0
DA:187,0
DA:188,0
DA:190,0
DA:191,0
DA:192,0
DA:193,0
DA:195,0
DA:196,0
DA:197,0
DA:199,0
DA:202,0
DA:203,0
DA:206,0
DA:207,0
DA:209,0
DA:210,0
DA:212,0
DA:214,0
DA:218,0
DA:221,0
DA:248,0
DA:255,0
DA:256,0
DA:257,0
DA:258,0
DA:259,0
DA:262,0
DA:270,0
DA:271,0
DA:274,0
DA:275,0
DA:277,0
DA:278,0
DA:280,0
DA:281,0
DA:282,0
DA:285,0
DA:286,0
DA:289,0
DA:290,0
DA:293,0
DA:294,0
DA:297,0
DA:301,0
DA:302,0
DA:303,0
DA:309,0
DA:310,0
DA:312,0
DA:315,0
DA:316,0
DA:318,0
DA:319,0
DA:323,0
DA:325,0
DA:326,0
DA:330,0
DA:331,0
DA:335,0
DA:336,0
DA:337,0
DA:338,0
DA:344,0
DA:345,0
DA:356,0
DA:357,0
DA:359,0
DA:360,0
DA:363,0
DA:364,0
DA:377,0
DA:381,0
DA:383,0
DA:389,0
DA:394,0
DA:395,0
DA:408,0
DA:415,0
DA:421,0
DA:502,0
DA:506,0
DA:507,0
DA:529,0
DA:530,0
DA:558,0
DA:560,0
DA:661,0
DA:662,0
DA:663,0
DA:666,0
DA:714,0
LF:137
LH:0
BRDA:58,0,0,0
BRDA:58,0,1,0
BRDA:63,1,0,0
BRDA:63,1,1,0
BRDA:75,2,0,0
BRDA:75,2,1,0
BRDA:95,3,0,0
BRDA:95,3,1,0
BRDA:117,4,0,0
BRDA:117,4,1,0
BRDA:117,4,2,0
BRDA:117,4,3,0
BRDA:117,4,4,0
BRDA:136,5,0,0
BRDA:136,5,1,0
BRDA:138,6,0,0
BRDA:138,6,1,0
BRDA:140,7,0,0
BRDA:140,7,1,0
BRDA:188,8,0,0
BRDA:188,8,1,0
BRDA:196,9,0,0
BRDA:196,9,1,0
BRDA:209,10,0,0
BRDA:209,10,1,0
BRDA:210,11,0,0
BRDA:210,11,1,0
BRDA:258,12,0,0
BRDA:258,12,1,0
BRDA:275,13,0,0
BRDA:275,13,1,0
BRDA:281,14,0,0
BRDA:281,14,1,0
BRDA:293,15,0,0
BRDA:293,15,1,0
BRDA:294,16,0,0
BRDA:294,16,1,0
BRDA:310,17,0,0
BRDA:310,17,1,0
BRDA:318,18,0,0
BRDA:318,18,1,0
BRDA:319,19,0,0
BRDA:319,19,1,0
BRDA:319,20,0,0
BRDA:319,20,1,0
BRDA:325,21,0,0
BRDA:325,21,1,0
BRDA:326,22,0,0
BRDA:326,22,1,0
BRDA:335,23,0,0
BRDA:335,23,1,0
BRDA:336,24,0,0
BRDA:336,24,1,0
BRDA:337,25,0,0
BRDA:337,25,1,0
BRDA:338,26,0,0
BRDA:338,26,1,0
BRDA:357,27,0,0
BRDA:357,27,1,0
BRDA:357,27,2,0
BRDA:357,27,3,0
BRDA:360,28,0,0
BRDA:360,28,1,0
BRDA:360,29,0,0
BRDA:360,29,1,0
BRDA:363,30,0,0
BRDA:363,30,1,0
BRDA:389,31,0,0
BRDA:389,31,1,0
BRDA:394,32,0,0
BRDA:394,32,1,0
BRDA:432,33,0,0
BRDA:432,33,1,0
BRDA:441,34,0,0
BRDA:441,34,1,0
BRDA:449,35,0,0
BRDA:449,35,1,0
BRDA:460,36,0,0
BRDA:460,36,1,0
BRDA:466,37,0,0
BRDA:466,37,1,0
BRDA:472,38,0,0
BRDA:472,38,1,0
BRDA:478,39,0,0
BRDA:478,39,1,0
BRDA:485,40,0,0
BRDA:485,40,1,0
BRDA:506,41,0,0
BRDA:506,41,1,0
BRDA:529,42,0,0
BRDA:529,42,1,0
BRDA:599,43,0,0
BRDA:599,43,1,0
BRDA:601,44,0,0
BRDA:601,44,1,0
BRDA:606,45,0,0
BRDA:606,45,1,0
BRDA:612,46,0,0
BRDA:612,46,1,0
BRDA:622,47,0,0
BRDA:622,47,1,0
BRDA:626,48,0,0
BRDA:626,48,1,0
BRDA:631,49,0,0
BRDA:631,49,1,0
BRDA:651,50,0,0
BRDA:651,50,1,0
BRDA:671,51,0,0
BRDA:671,51,1,0
BRDA:676,52,0,0
BRDA:676,52,1,0
BRDA:678,53,0,0
BRDA:678,53,1,0
BRF:113
BRH:0
end_of_record
TN:
SF:app/profile/edit.tsx
FN:45,EditProfileScreen
FN:79,(anonymous_1)
FN:83,(anonymous_2)
FN:84,(anonymous_3)
FN:87,(anonymous_4)
FN:91,(anonymous_5)
FN:92,(anonymous_6)
FN:101,(anonymous_7)
FN:102,(anonymous_8)
FN:116,(anonymous_9)
FN:147,(anonymous_10)
FN:155,(anonymous_11)
FN:175,(anonymous_12)
FN:262,(anonymous_13)
FN:272,(anonymous_14)
FN:288,(anonymous_15)
FN:303,(anonymous_16)
FN:306,(anonymous_17)
FN:339,(anonymous_18)
FN:349,(anonymous_19)
FN:369,(anonymous_20)
FN:372,(anonymous_21)
FN:398,(anonymous_22)
FN:401,(anonymous_23)
FN:401,(anonymous_24)
FN:415,(anonymous_25)
FN:418,(anonymous_26)
FN:418,(anonymous_27)
FNF:28
FNH:0
FNDA:0,EditProfileScreen
FNDA:0,(anonymous_1)
FNDA:0,(anonymous_2)
FNDA:0,(anonymous_3)
FNDA:0,(anonymous_4)
FNDA:0,(anonymous_5)
FNDA:0,(anonymous_6)
FNDA:0,(anonymous_7)
FNDA:0,(anonymous_8)
FNDA:0,(anonymous_9)
FNDA:0,(anonymous_10)
FNDA:0,(anonymous_11)
FNDA:0,(anonymous_12)
FNDA:0,(anonymous_13)
FNDA:0,(anonymous_14)
FNDA:0,(anonymous_15)
FNDA:0,(anonymous_16)
FNDA:0,(anonymous_17)
FNDA:0,(anonymous_18)
FNDA:0,(anonymous_19)
FNDA:0,(anonymous_20)
FNDA:0,(anonymous_21)
FNDA:0,(anonymous_22)
FNDA:0,(anonymous_23)
FNDA:0,(anonymous_24)
FNDA:0,(anonymous_25)
FNDA:0,(anonymous_26)
FNDA:0,(anonymous_27)
DA:46,0
DA:47,0
DA:48,0
DA:50,0
DA:51,0
DA:54,0
DA:75,0
DA:76,0
DA:79,0
DA:80,0
DA:83,0
DA:84,0
DA:86,0
DA:87,0
DA:91,0
DA:92,0
DA:101,0
DA:102,0
DA:116,0
DA:117,0
DA:119,0
DA:120,0
DA:123,0
DA:124,0
DA:127,0
DA:128,0
DA:131,0
DA:134,0
DA:138,0
DA:139,0
DA:140,0
DA:143,0
DA:144,0
DA:147,0
DA:148,0
DA:149,0
DA:152,0
DA:153,0
DA:155,0
DA:158,0
DA:170,0
DA:172,0
DA:175,0
DA:178,0
DA:179,0
DA:181,0
DA:183,0
DA:187,0
DA:194,0
DA:201,0
DA:262,0
DA:272,0
DA:288,0
DA:303,0
DA:307,0
DA:339,0
DA:349,0
DA:369,0
DA:373,0
DA:398,0
DA:401,0
DA:402,0
DA:415,0
DA:418,0
DA:419,0
DA:442,0
LF:66
LH:0
BRDA:50,0,0,0
BRDA:50,0,1,0
BRDA:55,1,0,0
BRDA:55,1,1,0
BRDA:56,2,0,0
BRDA:56,2,1,0
BRDA:57,3,0,0
BRDA:57,3,1,0
BRDA:58,4,0,0
BRDA:58,4,1,0
BRDA:59,5,0,0
BRDA:59,5,1,0
BRDA:60,6,0,0
BRDA:60,6,1,0
BRDA:61,7,0,0
BRDA:61,7,1,0
BRDA:64,8,0,0
BRDA:64,8,1,0
BRDA:65,9,0,0
BRDA:65,9,1,0
BRDA:66,10,0,0
BRDA:66,10,1,0
BRDA:67,11,0,0
BRDA:67,11,1,0
BRDA:68,12,0,0
BRDA:68,12,1,0
BRDA:69,13,0,0
BRDA:69,13,1,0
BRDA:71,14,0,0
BRDA:71,14,1,0
BRDA:86,15,0,0
BRDA:86,15,1,0
BRDA:119,16,0,0
BRDA:119,16,1,0
BRDA:123,17,0,0
BRDA:123,17,1,0
BRDA:123,18,0,0
BRDA:123,18,1,0
BRDA:123,18,2,0
BRDA:123,18,3,0
BRDA:127,19,0,0
BRDA:127,19,1,0
BRDA:131,20,0,0
BRDA:131,20,1,0
BRDA:134,21,0,0
BRDA:134,21,1,0
BRDA:138,22,0,0
BRDA:138,22,1,0
BRDA:148,23,0,0
BRDA:148,23,1,0
BRDA:162,24,0,0
BRDA:162,24,1,0
BRDA:178,25,0,0
BRDA:178,25,1,0
BRDA:179,26,0,0
BRDA:179,26,1,0
BRDA:205,27,0,0
BRDA:205,27,1,0
BRDA:223,28,0,0
BRDA:223,28,1,0
BRDA:243,29,0,0
BRDA:243,29,1,0
BRDA:243,29,2,0
BRDA:326,30,0,0
BRDA:326,30,1,0
BRDA:384,31,0,0
BRDA:384,31,1,0
BRF:67
BRH:0
end_of_record
TN:
SF:app/profile/privacy.tsx
FN:51,SettingItem
FN:92,OptionItem
FN:112,(anonymous_2)
FN:117,(anonymous_3)
FN:138,PrivacyScreen
FN:169,(anonymous_5)
FN:173,(anonymous_6)
FN:174,(anonymous_7)
FN:192,(anonymous_8)
FN:193,(anonymous_9)
FN:199,(anonymous_10)
FN:203,(anonymous_11)
FN:220,(anonymous_12)
FN:229,(anonymous_13)
FN:233,(anonymous_14)
FN:299,(anonymous_15)
FN:307,(anonymous_16)
FN:315,(anonymous_17)
FN:323,(anonymous_18)
FN:339,(anonymous_19)
FN:348,(anonymous_20)
FN:356,(anonymous_21)
FN:371,(anonymous_22)
FN:379,(anonymous_23)
FN:387,(anonymous_24)
FN:395,(anonymous_25)
FN:410,(anonymous_26)
FN:418,(anonymous_27)
FN:426,(anonymous_28)
FN:437,(anonymous_29)
FNF:30
FNH:0
FNDA:0,SettingItem
FNDA:0,OptionItem
FNDA:0,(anonymous_2)
FNDA:0,(anonymous_3)
FNDA:0,PrivacyScreen
FNDA:0,(anonymous_5)
FNDA:0,(anonymous_6)
FNDA:0,(anonymous_7)
FNDA:0,(anonymous_8)
FNDA:0,(anonymous_9)
FNDA:0,(anonymous_10)
FNDA:0,(anonymous_11)
FNDA:0,(anonymous_12)
FNDA:0,(anonymous_13)
FNDA:0,(anonymous_14)
FNDA:0,(anonymous_15)
FNDA:0,(anonymous_16)
FNDA:0,(anonymous_17)
FNDA:0,(anonymous_18)
FNDA:0,(anonymous_19)
FNDA:0,(anonymous_20)
FNDA:0,(anonymous_21)
FNDA:0,(anonymous_22)
FNDA:0,(anonymous_23)
FNDA:0,(anonymous_24)
FNDA:0,(anonymous_25)
FNDA:0,(anonymous_26)
FNDA:0,(anonymous_27)
FNDA:0,(anonymous_28)
FNDA:0,(anonymous_29)
DA:52,0
DA:53,0
DA:55,0
DA:93,0
DA:94,0
DA:96,0
DA:113,0
DA:117,0
DA:139,0
DA:140,0
DA:141,0
DA:142,0
DA:145,0
DA:166,0
DA:169,0
DA:170,0
DA:173,0
DA:174,0
DA:175,0
DA:176,0
DA:184,0
DA:192,0
DA:193,0
DA:199,0
DA:200,0
DA:201,0
DA:203,0
DA:205,0
DA:211,0
DA:212,0
DA:214,0
DA:216,0
DA:220,0
DA:221,0
DA:230,0
DA:233,0
DA:241,0
DA:247,0
DA:253,0
DA:259,0
DA:299,0
DA:307,0
DA:315,0
DA:323,0
DA:339,0
DA:348,0
DA:356,0
DA:371,0
DA:379,0
DA:387,0
DA:395,0
DA:410,0
DA:418,0
DA:426,0
DA:437,0
DA:467,0
LF:56
LH:0
BRDA:65,0,0,0
BRDA:65,0,1,0
BRDA:77,1,0,0
BRDA:77,1,1,0
BRDA:106,2,0,0
BRDA:106,2,1,0
BRDA:115,3,0,0
BRDA:115,3,1,0
BRDA:123,4,0,0
BRDA:123,4,1,0
BRDA:175,5,0,0
BRDA:175,5,1,0
BRDA:175,6,0,0
BRDA:175,6,1,0
BRDA:175,6,2,0
BRDA:211,7,0,0
BRDA:211,7,1,0
BRDA:212,8,0,0
BRDA:212,8,1,0
BRDA:277,9,0,0
BRDA:277,9,1,0
BRF:21
BRH:0
end_of_record
TN:
SF:app/review/[id].tsx
FN:36,(anonymous_0)
FN:61,(anonymous_1)
FN:65,(anonymous_2)
FN:66,(anonymous_3)
FN:79,(anonymous_4)
FN:117,(anonymous_5)
FN:135,(anonymous_6)
FN:149,ReviewDetailScreen
FN:170,(anonymous_8)
FN:171,(anonymous_9)
FN:246,(anonymous_10)
FN:250,(anonymous_11)
FN:275,(anonymous_12)
FN:281,(anonymous_13)
FN:289,(anonymous_14)
FN:304,(anonymous_15)
FN:309,(anonymous_16)
FN:310,(anonymous_17)
FN:311,(anonymous_18)
FN:312,(anonymous_19)
FN:313,(anonymous_20)
FN:319,(anonymous_21)
FN:325,(anonymous_22)
FN:326,(anonymous_23)
FN:333,(anonymous_24)
FN:339,(anonymous_25)
FN:346,(anonymous_26)
FN:353,(anonymous_27)
FN:357,(anonymous_28)
FN:360,(anonymous_29)
FN:373,(anonymous_30)
FN:472,(anonymous_31)
FN:518,(anonymous_32)
FN:541,(anonymous_33)
FN:575,(anonymous_34)
FN:579,(anonymous_35)
FN:611,(anonymous_36)
FN:645,(anonymous_37)
FNF:38
FNH:0
FNDA:0,(anonymous_0)
FNDA:0,(anonymous_1)
FNDA:0,(anonymous_2)
FNDA:0,(anonymous_3)
FNDA:0,(anonymous_4)
FNDA:0,(anonymous_5)
FNDA:0,(anonymous_6)
FNDA:0,ReviewDetailScreen
FNDA:0,(anonymous_8)
FNDA:0,(anonymous_9)
FNDA:0,(anonymous_10)
FNDA:0,(anonymous_11)
FNDA:0,(anonymous_12)
FNDA:0,(anonymous_13)
FNDA:0,(anonymous_14)
FNDA:0,(anonymous_15)
FNDA:0,(anonymous_16)
FNDA:0,(anonymous_17)
FNDA:0,(anonymous_18)
FNDA:0,(anonymous_19)
FNDA:0,(anonymous_20)
FNDA:0,(anonymous_21)
FNDA:0,(anonymous_22)
FNDA:0,(anonymous_23)
FNDA:0,(anonymous_24)
FNDA:0,(anonymous_25)
FNDA:0,(anonymous_26)
FNDA:0,(anonymous_27)
FNDA:0,(anonymous_28)
FNDA:0,(anonymous_29)
FNDA:0,(anonymous_30)
FNDA:0,(anonymous_31)
FNDA:0,(anonymous_32)
FNDA:0,(anonymous_33)
FNDA:0,(anonymous_34)
FNDA:0,(anonymous_35)
FNDA:0,(anonymous_36)
FNDA:0,(anonymous_37)
DA:28,0
DA:36,0
DA:37,0
DA:39,0
DA:61,0
DA:62,0
DA:63,0
DA:65,0
DA:66,0
DA:67,0
DA:68,0
DA:69,0
DA:71,0
DA:72,0
DA:76,0
DA:79,0
DA:80,0
DA:81,0
DA:82,0
DA:84,0
DA:85,0
DA:86,0
DA:87,0
DA:88,0
DA:89,0
DA:91,0
DA:95,0
DA:117,0
DA:135,0
DA:150,0
DA:151,0
DA:152,0
DA:153,0
DA:154,0
DA:157,0
DA:158,0
DA:159,0
DA:160,0
DA:161,0
DA:162,0
DA:163,0
DA:164,0
DA:165,0
DA:166,0
DA:167,0
DA:170,0
DA:171,0
DA:172,0
DA:174,0
DA:175,0
DA:178,0
DA:179,0
DA:180,0
DA:181,0
DA:182,0
DA:185,0
DA:186,0
DA:187,0
DA:188,0
DA:190,0
DA:191,0
DA:198,0
DA:199,0
DA:200,0
DA:201,0
DA:203,0
DA:204,0
DA:211,0
DA:212,0
DA:213,0
DA:215,0
DA:216,0
DA:218,0
DA:222,0
DA:223,0
DA:226,0
DA:227,0
DA:228,0
DA:229,0
DA:231,0
DA:232,0
DA:233,0
DA:238,0
DA:242,0
DA:246,0
DA:247,0
DA:250,0
DA:251,0
DA:253,0
DA:254,0
DA:256,0
DA:257,0
DA:258,0
DA:259,0
DA:260,0
DA:263,0
DA:264,0
DA:267,0
DA:268,0
DA:271,0
DA:275,0
DA:276,0
DA:278,0
DA:279,0
DA:280,0
DA:281,0
DA:283,0
DA:284,0
DA:289,0
DA:290,0
DA:292,0
DA:293,0
DA:298,0
DA:299,0
DA:304,0
DA:305,0
DA:309,0
DA:310,0
DA:311,0
DA:312,0
DA:313,0
DA:319,0
DA:320,0
DA:322,0
DA:325,0
DA:326,0
DA:330,0
DA:333,0
DA:334,0
DA:335,0
DA:339,0
DA:340,0
DA:341,0
DA:342,0
DA:346,0
DA:347,0
DA:348,0
DA:353,0
DA:354,0
DA:357,0
DA:358,0
DA:361,0
DA:373,0
DA:374,0
DA:375,0
DA:382,0
DA:383,0
DA:403,0
DA:404,0
DA:434,0
DA:472,0
DA:518,0
DA:542,0
DA:576,0
DA:579,0
DA:611,0
DA:646,0
DA:662,0
LF:158
LH:0
BRDA:44,0,0,0
BRDA:44,0,1,0
BRDA:68,1,0,0
BRDA:68,1,1,0
BRDA:68,1,2,0
BRDA:71,2,0,0
BRDA:71,2,1,0
BRDA:72,3,0,0
BRDA:72,3,1,0
BRDA:80,4,0,0
BRDA:80,4,1,0
BRDA:84,5,0,0
BRDA:84,5,1,0
BRDA:86,6,0,0
BRDA:86,6,1,0
BRDA:88,7,0,0
BRDA:88,7,1,0
BRDA:99,8,0,0
BRDA:99,8,1,0
BRDA:106,9,0,0
BRDA:106,9,1,0
BRDA:106,9,2,0
BRDA:109,10,0,0
BRDA:109,10,1,0
BRDA:122,11,0,0
BRDA:122,11,1,0
BRDA:124,12,0,0
BRDA:124,12,1,0
BRDA:127,13,0,0
BRDA:127,13,1,0
BRDA:131,14,0,0
BRDA:131,14,1,0
BRDA:172,15,0,0
BRDA:172,15,1,0
BRDA:179,16,0,0
BRDA:179,16,1,0
BRDA:181,17,0,0
BRDA:181,17,1,0
BRDA:182,18,0,0
BRDA:182,18,1,0
BRDA:182,19,0,0
BRDA:182,19,1,0
BRDA:185,20,0,0
BRDA:185,20,1,0
BRDA:190,21,0,0
BRDA:190,21,1,0
BRDA:191,22,0,0
BRDA:191,22,1,0
BRDA:198,23,0,0
BRDA:198,23,1,0
BRDA:203,24,0,0
BRDA:203,24,1,0
BRDA:204,25,0,0
BRDA:204,25,1,0
BRDA:213,26,0,0
BRDA:213,26,1,0
BRDA:215,27,0,0
BRDA:215,27,1,0
BRDA:216,28,0,0
BRDA:216,28,1,0
BRDA:222,29,0,0
BRDA:222,29,1,0
BRDA:223,30,0,0
BRDA:223,30,1,0
BRDA:226,31,0,0
BRDA:226,31,1,0
BRDA:227,32,0,0
BRDA:227,32,1,0
BRDA:227,33,0,0
BRDA:227,33,1,0
BRDA:228,34,0,0
BRDA:228,34,1,0
BRDA:229,35,0,0
BRDA:229,35,1,0
BRDA:231,36,0,0
BRDA:231,36,1,0
BRDA:232,37,0,0
BRDA:232,37,1,0
BRDA:233,38,0,0
BRDA:233,38,1,0
BRDA:251,39,0,0
BRDA:251,39,1,0
BRDA:257,40,0,0
BRDA:257,40,1,0
BRDA:259,41,0,0
BRDA:259,41,1,0
BRDA:260,42,0,0
BRDA:260,42,1,0
BRDA:260,43,0,0
BRDA:260,43,1,0
BRDA:267,44,0,0
BRDA:267,44,1,0
BRDA:268,45,0,0
BRDA:268,45,1,0
BRDA:276,46,0,0
BRDA:276,46,1,0
BRDA:276,47,0,0
BRDA:276,47,1,0
BRDA:281,48,0,0
BRDA:281,48,1,0
BRDA:283,49,0,0
BRDA:283,49,1,0
BRDA:284,50,0,0
BRDA:284,50,1,0
BRDA:290,51,0,0
BRDA:290,51,1,0
BRDA:294,52,0,0
BRDA:294,52,1,0
BRDA:294,52,2,0
BRDA:298,53,0,0
BRDA:298,53,1,0
BRDA:299,54,0,0
BRDA:299,54,1,0
BRDA:309,55,0,0
BRDA:309,55,1,0
BRDA:310,56,0,0
BRDA:310,56,1,0
BRDA:311,57,0,0
BRDA:311,57,1,0
BRDA:312,58,0,0
BRDA:312,58,1,0
BRDA:313,59,0,0
BRDA:313,59,1,0
BRDA:324,60,0,0
BRDA:324,60,1,0
BRDA:325,61,0,0
BRDA:325,61,1,0
BRDA:325,62,0,0
BRDA:325,62,1,0
BRDA:326,63,0,0
BRDA:326,63,1,0
BRDA:326,64,0,0
BRDA:326,64,1,0
BRDA:334,65,0,0
BRDA:334,65,1,0
BRDA:335,66,0,0
BRDA:335,66,1,0
BRDA:341,67,0,0
BRDA:341,67,1,0
BRDA:342,68,0,0
BRDA:342,68,1,0
BRDA:347,69,0,0
BRDA:347,69,1,0
BRDA:348,70,0,0
BRDA:348,70,1,0
BRDA:364,71,0,0
BRDA:364,71,1,0
BRDA:365,72,0,0
BRDA:365,72,1,0
BRDA:374,73,0,0
BRDA:374,73,1,0
BRDA:382,74,0,0
BRDA:382,74,1,0
BRDA:403,75,0,0
BRDA:403,75,1,0
BRDA:472,76,0,0
BRDA:472,76,1,0
BRDA:477,77,0,0
BRDA:477,77,1,0
BRDA:482,78,0,0
BRDA:482,78,1,0
BRDA:482,78,2,0
BRDA:489,79,0,0
BRDA:489,79,1,0
BRDA:510,80,0,0
BRDA:510,80,1,0
BRDA:516,81,0,0
BRDA:516,81,1,0
BRDA:532,82,0,0
BRDA:532,82,1,0
BRDA:539,83,0,0
BRDA:539,83,1,0
BRDA:539,83,2,0
BRDA:560,84,0,0
BRDA:560,84,1,0
BRDA:569,85,0,0
BRDA:569,85,1,0
BRDA:569,85,2,0
BRDA:597,86,0,0
BRDA:597,86,1,0
BRDA:598,87,0,0
BRDA:598,87,1,0
BRDA:602,88,0,0
BRDA:602,88,1,0
BRDA:630,89,0,0
BRDA:630,89,1,0
BRDA:636,90,0,0
BRDA:636,90,1,0
BRF:188
BRH:0
end_of_record
TN:
SF:components/AuthGuard.tsx
FN:17,AuthGuard
FN:24,(anonymous_1)
FN:26,(anonymous_2)
FN:30,(anonymous_3)
FN:33,(anonymous_4)
FNF:5
FNH:0
FNDA:0,AuthGuard
FNDA:0,(anonymous_1)
FNDA:0,(anonymous_2)
FNDA:0,(anonymous_3)
FNDA:0,(anonymous_4)
DA:18,0
DA:19,0
DA:20,0
DA:21,0
DA:22,0
DA:24,0
DA:26,0
DA:27,0
DA:30,0
DA:33,0
DA:34,0
DA:36,0
DA:37,0
DA:38,0
DA:46,0
DA:48,0
DA:49,0
DA:50,0
DA:56,0
DA:61,0
DA:62,0
DA:63,0
DA:64,0
DA:65,0
DA:71,0
DA:77,0
DA:82,0
DA:83,0
DA:107,0
DA:110,0
LF:30
LH:0
BRDA:34,0,0,0
BRDA:34,0,1,0
BRDA:34,1,0,0
BRDA:34,1,1,0
BRDA:38,2,0,0
BRDA:38,2,1,0
BRDA:38,2,2,0
BRDA:38,2,3,0
BRDA:38,2,4,0
BRDA:46,3,0,0
BRDA:46,3,1,0
BRDA:46,4,0,0
BRDA:46,4,1,0
BRDA:46,4,2,0
BRDA:48,5,0,0
BRDA:48,5,1,0
BRDA:56,6,0,0
BRDA:56,6,1,0
BRDA:62,7,0,0
BRDA:62,7,1,0
BRDA:62,8,0,0
BRDA:62,8,1,0
BRDA:62,8,2,0
BRDA:63,9,0,0
BRDA:63,9,1,0
BRDA:71,10,0,0
BRDA:71,10,1,0
BRDA:82,11,0,0
BRDA:82,11,1,0
BRF:29
BRH:0
end_of_record
TN:
SF:components/EmptyState.tsx
FN:23,(anonymous_0)
FN:35,(anonymous_1)
FN:46,(anonymous_2)
FN:82,(anonymous_3)
FN:98,(anonymous_4)
FN:135,(anonymous_5)
FN:163,(anonymous_6)
FNF:7
FNH:0
FNDA:0,(anonymous_0)
FNDA:0,(anonymous_1)
FNDA:0,(anonymous_2)
FNDA:0,(anonymous_3)
FNDA:0,(anonymous_4)
FNDA:0,(anonymous_5)
FNDA:0,(anonymous_6)
DA:23,0
DA:31,0
DA:32,0
DA:33,0
DA:35,0
DA:36,0
DA:38,0
DA:46,0
DA:60,0
DA:76,0
DA:82,0
DA:92,0
DA:98,0
DA:109,0
DA:111,0
DA:136,0
DA:163,0
DA:183,0
LF:18
LH:0
BRDA:24,0,0,0
BRDA:36,1,0,0
BRDA:36,1,1,0
BRDA:36,1,2,0
BRDA:36,1,3,0
BRDA:41,2,0,0
BRDA:41,2,1,0
BRDA:46,3,0,0
BRDA:46,3,1,0
BRDA:98,4,0,0
BRDA:98,4,1,0
BRDA:130,5,0,0
BRDA:130,5,1,0
BRDA:148,6,0,0
BRDA:148,6,1,0
BRDA:160,7,0,0
BRDA:160,7,1,0
BRDA:165,8,0,0
BRDA:165,8,1,0
BRF:19
BRH:0
end_of_record
TN:
SF:components/ErrorBoundary.tsx
FN:31,(anonymous_0)
FN:42,(anonymous_1)
FN:53,(anonymous_2)
FN:74,(anonymous_3)
FN:81,(anonymous_4)
FN:86,(anonymous_5)
FN:90,(anonymous_6)
FN:93,(anonymous_7)
FN:99,(anonymous_8)
FN:101,(anonymous_9)
FN:110,(anonymous_10)
FN:116,(anonymous_11)
FN:143,(anonymous_12)
FN:226,(anonymous_13)
FN:229,(anonymous_14)
FN:233,(anonymous_15)
FN:241,(anonymous_16)
FN:245,(anonymous_17)
FNF:18
FNH:0
FNDA:0,(anonymous_0)
FNDA:0,(anonymous_1)
FNDA:0,(anonymous_2)
FNDA:0,(anonymous_3)
FNDA:0,(anonymous_4)
FNDA:0,(anonymous_5)
FNDA:0,(anonymous_6)
FNDA:0,(anonymous_7)
FNDA:0,(anonymous_8)
FNDA:0,(anonymous_9)
FNDA:0,(anonymous_10)
FNDA:0,(anonymous_11)
FNDA:0,(anonymous_12)
FNDA:0,(anonymous_13)
FNDA:0,(anonymous_14)
FNDA:0,(anonymous_15)
FNDA:0,(anonymous_16)
FNDA:0,(anonymous_17)
DA:32,0
DA:33,0
DA:43,0
DA:45,0
DA:54,0
DA:55,0
DA:59,0
DA:60,0
DA:61,0
DA:62,0
DA:67,0
DA:69,0
DA:73,0
DA:74,0
DA:78,0
DA:83,0
DA:87,0
DA:90,0
DA:92,0
DA:93,0
DA:94,0
DA:99,0
DA:100,0
DA:101,0
DA:103,0
DA:110,0
DA:113,0
DA:117,0
DA:118,0
DA:119,0
DA:120,0
DA:123,0
DA:133,0
DA:143,0
DA:146,0
DA:147,0
DA:148,0
DA:151,0
DA:163,0
DA:226,0
DA:227,0
DA:229,0
DA:230,0
DA:233,0
DA:234,0
DA:237,0
DA:241,0
DA:245,0
DA:246,0
DA:251,0
DA:252,0
DA:255,0
LF:52
LH:0
BRDA:54,0,0,0
BRDA:54,0,1,0
BRDA:55,1,0,0
BRDA:55,1,1,0
BRDA:61,2,0,0
BRDA:61,2,1,0
BRDA:69,3,0,0
BRDA:69,3,1,0
BRDA:73,4,0,0
BRDA:73,4,1,0
BRDA:92,5,0,0
BRDA:92,5,1,0
BRDA:92,6,0,0
BRDA:92,6,1,0
BRDA:92,6,2,0
BRDA:100,7,0,0
BRDA:100,7,1,0
BRDA:117,8,0,0
BRDA:117,8,1,0
BRDA:118,9,0,0
BRDA:118,9,1,0
BRDA:184,10,0,0
BRDA:184,10,1,0
BRDA:190,11,0,0
BRDA:190,11,1,0
BRDA:196,12,0,0
BRDA:196,12,1,0
BRDA:208,13,0,0
BRDA:208,13,1,0
BRDA:251,14,0,0
BRDA:251,14,1,0
BRF:31
BRH:0
end_of_record
TN:
SF:components/LocationSelector.tsx
FN:45,(anonymous_0)
FN:83,(anonymous_1)
FN:87,(anonymous_2)
FN:93,(anonymous_3)
FN:111,(anonymous_4)
FN:118,(anonymous_5)
FN:129,(anonymous_6)
FN:160,(anonymous_7)
FN:174,(anonymous_8)
FN:193,(anonymous_9)
FN:203,(anonymous_10)
FN:218,(anonymous_11)
FN:233,(anonymous_12)
FN:236,(anonymous_13)
FN:263,(anonymous_14)
FN:266,(anonymous_15)
FN:282,(anonymous_16)
FN:285,(anonymous_17)
FN:303,(anonymous_18)
FN:320,(anonymous_19)
FN:324,(anonymous_20)
FN:334,(anonymous_21)
FN:359,(anonymous_22)
FN:378,(anonymous_23)
FN:390,(anonymous_24)
FNF:25
FNH:0
FNDA:0,(anonymous_0)
FNDA:0,(anonymous_1)
FNDA:0,(anonymous_2)
FNDA:0,(anonymous_3)
FNDA:0,(anonymous_4)
FNDA:0,(anonymous_5)
FNDA:0,(anonymous_6)
FNDA:0,(anonymous_7)
FNDA:0,(anonymous_8)
FNDA:0,(anonymous_9)
FNDA:0,(anonymous_10)
FNDA:0,(anonymous_11)
FNDA:0,(anonymous_12)
FNDA:0,(anonymous_13)
FNDA:0,(anonymous_14)
FNDA:0,(anonymous_15)
FNDA:0,(anonymous_16)
FNDA:0,(anonymous_17)
FNDA:0,(anonymous_18)
FNDA:0,(anonymous_19)
FNDA:0,(anonymous_20)
FNDA:0,(anonymous_21)
FNDA:0,(anonymous_22)
FNDA:0,(anonymous_23)
FNDA:0,(anonymous_24)
DA:45,0
DA:50,0
DA:51,0
DA:52,0
DA:53,0
DA:54,0
DA:55,0
DA:56,0
DA:57,0
DA:59,0
DA:83,0
DA:84,0
DA:87,0
DA:88,0
DA:89,0
DA:90,0
DA:93,0
DA:94,0
DA:95,0
DA:96,0
DA:97,0
DA:99,0
DA:100,0
DA:102,0
DA:104,0
DA:108,0
DA:111,0
DA:112,0
DA:113,0
DA:118,0
DA:119,0
DA:120,0
DA:121,0
DA:123,0
DA:124,0
DA:129,0
DA:130,0
DA:131,0
DA:133,0
DA:135,0
DA:136,0
DA:137,0
DA:142,0
DA:143,0
DA:148,0
DA:149,0
DA:150,0
DA:152,0
DA:155,0
DA:165,0
DA:166,0
DA:168,0
DA:170,0
DA:174,0
DA:175,0
DA:176,0
DA:181,0
DA:182,0
DA:183,0
DA:184,0
DA:185,0
DA:187,0
DA:188,0
DA:193,0
DA:194,0
DA:199,0
DA:200,0
DA:203,0
DA:204,0
DA:206,0
DA:208,0
DA:210,0
DA:212,0
DA:214,0
DA:218,0
DA:219,0
DA:221,0
DA:223,0
DA:225,0
DA:227,0
DA:229,0
DA:233,0
DA:234,0
DA:237,0
DA:238,0
DA:239,0
DA:240,0
DA:263,0
DA:264,0
DA:266,0
DA:282,0
DA:283,0
DA:285,0
DA:296,0
DA:303,0
DA:320,0
DA:324,0
DA:334,0
DA:359,0
DA:378,0
DA:390,0
DA:403,0
LF:102
LH:0
BRDA:88,0,0,0
BRDA:88,0,1,0
BRDA:89,1,0,0
BRDA:89,1,1,0
BRDA:99,2,0,0
BRDA:99,2,1,0
BRDA:100,3,0,0
BRDA:100,3,1,0
BRDA:112,4,0,0
BRDA:112,4,1,0
BRDA:123,5,0,0
BRDA:123,5,1,0
BRDA:124,6,0,0
BRDA:124,6,1,0
BRDA:135,7,0,0
BRDA:135,7,1,0
BRDA:142,8,0,0
BRDA:142,8,1,0
BRDA:165,9,0,0
BRDA:165,9,1,0
BRDA:166,10,0,0
BRDA:166,10,1,0
BRDA:187,11,0,0
BRDA:187,11,1,0
BRDA:188,12,0,0
BRDA:188,12,1,0
BRDA:204,13,0,0
BRDA:204,13,1,0
BRDA:206,14,0,0
BRDA:206,14,1,0
BRDA:206,14,2,0
BRDA:206,14,3,0
BRDA:219,15,0,0
BRDA:219,15,1,0
BRDA:221,16,0,0
BRDA:221,16,1,0
BRDA:221,16,2,0
BRDA:221,16,3,0
BRDA:237,17,0,0
BRDA:237,17,1,0
BRDA:239,18,0,0
BRDA:239,18,1,0
BRDA:244,19,0,0
BRDA:244,19,1,0
BRDA:247,20,0,0
BRDA:247,20,1,0
BRDA:247,21,0,0
BRDA:247,21,1,0
BRDA:273,22,0,0
BRDA:273,22,1,0
BRDA:275,23,0,0
BRDA:275,23,1,0
BRDA:275,24,0,0
BRDA:275,24,1,0
BRDA:358,25,0,0
BRDA:358,25,1,0
BRDA:365,26,0,0
BRDA:365,26,1,0
BRDA:374,27,0,0
BRDA:374,27,1,0
BRDA:382,28,0,0
BRDA:382,28,1,0
BRDA:382,29,0,0
BRDA:382,29,1,0
BRF:64
BRH:0
end_of_record
TN:
SF:components/MasonryReviewCard.tsx
FN:30,(anonymous_0)
FN:50,(anonymous_1)
FN:72,(anonymous_2)
FN:84,(anonymous_3)
FN:87,(anonymous_4)
FN:94,(anonymous_5)
FN:102,(anonymous_6)
FN:125,(anonymous_7)
FN:140,(anonymous_8)
FN:255,(anonymous_9)
FNF:10
FNH:0
FNDA:0,(anonymous_0)
FNDA:0,(anonymous_1)
FNDA:0,(anonymous_2)
FNDA:0,(anonymous_3)
FNDA:0,(anonymous_4)
FNDA:0,(anonymous_5)
FNDA:0,(anonymous_6)
FNDA:0,(anonymous_7)
FNDA:0,(anonymous_8)
FNDA:0,(anonymous_9)
DA:21,0
DA:30,0
DA:34,0
DA:35,0
DA:36,0
DA:37,0
DA:38,0
DA:39,0
DA:40,0
DA:43,0
DA:44,0
DA:45,0
DA:47,0
DA:50,0
DA:52,0
DA:55,0
DA:68,0
DA:72,0
DA:73,0
DA:75,0
DA:76,0
DA:79,0
DA:82,0
DA:83,0
DA:84,0
DA:87,0
DA:89,0
DA:90,0
DA:93,0
DA:94,0
DA:96,0
DA:98,0
DA:102,0
DA:103,0
DA:105,0
DA:106,0
DA:108,0
DA:113,0
DA:115,0
DA:116,0
DA:118,0
DA:120,0
DA:125,0
DA:126,0
DA:127,0
DA:128,0
DA:130,0
DA:131,0
DA:133,0
DA:136,0
DA:137,0
DA:140,0
DA:141,0
DA:142,0
DA:144,0
DA:145,0
DA:146,0
DA:148,0
DA:149,0
DA:150,0
DA:151,0
DA:153,0
DA:158,0
DA:256,0
DA:331,0
LF:65
LH:0
BRDA:37,0,0,0
BRDA:37,0,1,0
BRDA:43,1,0,0
BRDA:43,1,1,0
BRDA:44,2,0,0
BRDA:44,2,1,0
BRDA:45,3,0,0
BRDA:45,3,1,0
BRDA:73,4,0,0
BRDA:73,4,1,0
BRDA:84,5,0,0
BRDA:84,5,1,0
BRDA:89,6,0,0
BRDA:89,6,1,0
BRDA:90,7,0,0
BRDA:90,7,1,0
BRDA:94,8,0,0
BRDA:94,8,1,0
BRDA:103,9,0,0
BRDA:103,9,1,0
BRDA:109,10,0,0
BRDA:109,10,1,0
BRDA:109,11,0,0
BRDA:109,11,1,0
BRDA:110,12,0,0
BRDA:110,12,1,0
BRDA:115,13,0,0
BRDA:115,13,1,0
BRDA:116,14,0,0
BRDA:116,14,1,0
BRDA:127,15,0,0
BRDA:127,15,1,0
BRDA:130,16,0,0
BRDA:130,16,1,0
BRDA:137,17,0,0
BRDA:137,17,1,0
BRDA:142,18,0,0
BRDA:142,18,1,0
BRDA:148,19,0,0
BRDA:148,19,1,0
BRDA:149,20,0,0
BRDA:149,20,1,0
BRDA:150,21,0,0
BRDA:150,21,1,0
BRDA:182,22,0,0
BRDA:182,22,1,0
BRDA:182,23,0,0
BRDA:182,23,1,0
BRDA:184,24,0,0
BRDA:184,24,1,0
BRDA:184,25,0,0
BRDA:184,25,1,0
BRDA:198,26,0,0
BRDA:198,26,1,0
BRDA:213,27,0,0
BRDA:213,27,1,0
BRDA:220,28,0,0
BRDA:220,28,1,0
BRDA:229,29,0,0
BRDA:229,29,1,0
BRDA:229,30,0,0
BRDA:229,30,1,0
BRDA:232,31,0,0
BRDA:232,31,1,0
BRDA:236,32,0,0
BRDA:236,32,1,0
BRDA:239,33,0,0
BRDA:239,33,1,0
BRDA:243,34,0,0
BRDA:243,34,1,0
BRDA:243,35,0,0
BRDA:243,35,1,0
BRDA:249,36,0,0
BRDA:249,36,1,0
BRDA:253,37,0,0
BRDA:253,37,1,0
BRDA:253,37,2,0
BRDA:268,38,0,0
BRDA:268,38,1,0
BRDA:286,39,0,0
BRDA:286,39,1,0
BRDA:292,40,0,0
BRDA:292,40,1,0
BRDA:293,41,0,0
BRDA:293,41,1,0
BRDA:296,42,0,0
BRDA:296,42,1,0
BRDA:303,43,0,0
BRDA:303,43,1,0
BRF:89
BRH:0
end_of_record
TN:
SF:components/ReviewCard.tsx
FN:28,(anonymous_0)
FN:39,(anonymous_1)
FN:43,(anonymous_2)
FN:52,(anonymous_3)
FN:57,(anonymous_4)
FN:69,(anonymous_5)
FN:261,(anonymous_6)
FNF:7
FNH:0
FNDA:0,(anonymous_0)
FNDA:0,(anonymous_1)
FNDA:0,(anonymous_2)
FNDA:0,(anonymous_3)
FNDA:0,(anonymous_4)
FNDA:0,(anonymous_5)
FNDA:0,(anonymous_6)
DA:28,0
DA:29,0
DA:30,0
DA:31,0
DA:32,0
DA:33,0
DA:34,0
DA:37,0
DA:39,0
DA:40,0
DA:43,0
DA:44,0
DA:46,0
DA:48,0
DA:49,0
DA:52,0
DA:55,0
DA:56,0
DA:57,0
DA:60,0
DA:61,0
DA:63,0
DA:65,0
DA:69,0
DA:70,0
DA:72,0
DA:74,0
DA:75,0
DA:77,0
DA:82,0
DA:84,0
DA:85,0
DA:86,0
DA:93,0
DA:94,0
DA:96,0
DA:98,0
DA:102,0
DA:261,0
LF:39
LH:0
BRDA:31,0,0,0
BRDA:31,0,1,0
BRDA:34,1,0,0
BRDA:34,1,1,0
BRDA:46,2,0,0
BRDA:46,2,1,0
BRDA:57,3,0,0
BRDA:57,3,1,0
BRDA:60,4,0,0
BRDA:60,4,1,0
BRDA:61,5,0,0
BRDA:61,5,1,0
BRDA:72,6,0,0
BRDA:72,6,1,0
BRDA:84,7,0,0
BRDA:84,7,1,0
BRDA:85,8,0,0
BRDA:85,8,1,0
BRDA:86,9,0,0
BRDA:86,9,1,0
BRDA:88,10,0,0
BRDA:88,10,1,0
BRDA:93,11,0,0
BRDA:93,11,1,0
BRDA:94,12,0,0
BRDA:94,12,1,0
BRDA:120,13,0,0
BRDA:120,13,1,0
BRDA:120,14,0,0
BRDA:120,14,1,0
BRDA:143,15,0,0
BRDA:143,15,1,0
BRDA:151,16,0,0
BRDA:151,16,1,0
BRDA:170,17,0,0
BRDA:170,17,1,0
BRDA:178,18,0,0
BRDA:178,18,1,0
BRDA:198,19,0,0
BRDA:198,19,1,0
BRDA:205,20,0,0
BRDA:205,20,1,0
BRDA:206,21,0,0
BRDA:206,21,1,0
BRDA:211,22,0,0
BRDA:211,22,1,0
BRDA:212,23,0,0
BRDA:212,23,1,0
BRDA:218,24,0,0
BRDA:218,24,1,0
BRDA:221,25,0,0
BRDA:221,25,1,0
BRDA:227,26,0,0
BRDA:227,26,1,0
BRF:54
BRH:0
end_of_record
TN:
SF:components/auth/SignInForm.tsx
FN:18,SignInForm
FN:28,(anonymous_1)
FN:49,(anonymous_2)
FN:111,(anonymous_3)
FN:112,(anonymous_4)
FN:176,(anonymous_5)
FN:183,(anonymous_6)
FNF:7
FNH:0
FNDA:0,SignInForm
FNDA:0,(anonymous_1)
FNDA:0,(anonymous_2)
FNDA:0,(anonymous_3)
FNDA:0,(anonymous_4)
FNDA:0,(anonymous_5)
FNDA:0,(anonymous_6)
DA:19,0
DA:20,0
DA:21,0
DA:22,0
DA:23,0
DA:24,0
DA:25,0
DA:26,0
DA:28,0
DA:29,0
DA:30,0
DA:31,0
DA:34,0
DA:35,0
DA:37,0
DA:38,0
DA:43,0
DA:46,0
DA:49,0
DA:50,0
DA:51,0
DA:53,0
DA:54,0
DA:58,0
DA:61,0
DA:64,0
DA:111,0
DA:112,0
DA:177,0
DA:178,0
DA:180,0
DA:183,0
DA:194,0
LF:33
LH:0
BRDA:29,0,0,0
BRDA:29,0,1,0
BRDA:29,1,0,0
BRDA:29,1,1,0
BRDA:37,2,0,0
BRDA:37,2,1,0
BRDA:53,3,0,0
BRDA:53,3,1,0
BRDA:70,4,0,0
BRDA:70,4,1,0
BRDA:73,5,0,0
BRDA:73,5,1,0
BRDA:79,6,0,0
BRDA:79,6,1,0
BRDA:109,7,0,0
BRDA:109,7,1,0
BRDA:114,8,0,0
BRDA:114,8,1,0
BRDA:129,9,0,0
BRDA:129,9,1,0
BRDA:129,10,0,0
BRDA:129,10,1,0
BRDA:133,11,0,0
BRDA:133,11,1,0
BRDA:133,11,2,0
BRDA:135,12,0,0
BRDA:135,12,1,0
BRDA:141,13,0,0
BRDA:141,13,1,0
BRDA:146,14,0,0
BRDA:146,14,1,0
BRDA:158,15,0,0
BRDA:158,15,1,0
BRDA:173,16,0,0
BRDA:173,16,1,0
BRDA:177,17,0,0
BRDA:177,17,1,0
BRDA:183,18,0,0
BRDA:183,18,1,0
BRDA:186,19,0,0
BRDA:186,19,1,0
BRF:41
BRH:0
end_of_record
TN:
SF:components/auth/UserProfile.tsx
FN:18,UserProfile
FN:23,(anonymous_1)
FN:35,(anonymous_2)
FN:50,(anonymous_3)
FN:54,(anonymous_4)
FN:185,(anonymous_5)
FN:186,(anonymous_6)
FNF:7
FNH:0
FNDA:0,UserProfile
FNDA:0,(anonymous_1)
FNDA:0,(anonymous_2)
FNDA:0,(anonymous_3)
FNDA:0,(anonymous_4)
FNDA:0,(anonymous_5)
FNDA:0,(anonymous_6)
DA:19,0
DA:20,0
DA:21,0
DA:23,0
DA:24,0
DA:36,0
DA:37,0
DA:38,0
DA:40,0
DA:41,0
DA:50,0
DA:51,0
DA:54,0
DA:55,0
DA:58,0
DA:59,0
DA:62,0
DA:185,0
DA:186,0
DA:203,0
LF:20
LH:0
BRDA:40,0,0,0
BRDA:40,0,1,0
BRDA:41,1,0,0
BRDA:41,1,1,0
BRDA:58,2,0,0
BRDA:58,2,1,0
BRDA:76,3,0,0
BRDA:76,3,1,0
BRDA:76,3,2,0
BRDA:83,4,0,0
BRDA:83,4,1,0
BRDA:89,5,0,0
BRDA:89,5,1,0
BRDA:105,6,0,0
BRDA:105,6,1,0
BRDA:114,7,0,0
BRDA:114,7,1,0
BRDA:123,8,0,0
BRDA:123,8,1,0
BRDA:179,9,0,0
BRDA:179,9,1,0
BRDA:188,10,0,0
BRDA:188,10,1,0
BRF:23
BRH:0
end_of_record
TN:
SF:components/screens/EnhancedCreateReviewScreen.tsx
FN:57,(anonymous_0)
FN:61,(anonymous_1)
FN:95,(anonymous_2)
FN:100,(anonymous_3)
FN:134,(anonymous_4)
FN:139,(anonymous_5)
FN:148,(anonymous_6)
FN:185,(anonymous_7)
FN:194,(anonymous_8)
FN:198,(anonymous_9)
FN:216,(anonymous_10)
FN:234,(anonymous_11)
FN:255,(anonymous_12)
FN:265,(anonymous_13)
FN:271,(anonymous_14)
FN:282,(anonymous_15)
FN:290,(anonymous_16)
FN:301,(anonymous_17)
FN:317,(anonymous_18)
FN:328,(anonymous_19)
FN:340,(anonymous_20)
FN:366,(anonymous_21)
FNF:22
FNH:0
FNDA:0,(anonymous_0)
FNDA:0,(anonymous_1)
FNDA:0,(anonymous_2)
FNDA:0,(anonymous_3)
FNDA:0,(anonymous_4)
FNDA:0,(anonymous_5)
FNDA:0,(anonymous_6)
FNDA:0,(anonymous_7)
FNDA:0,(anonymous_8)
FNDA:0,(anonymous_9)
FNDA:0,(anonymous_10)
FNDA:0,(anonymous_11)
FNDA:0,(anonymous_12)
FNDA:0,(anonymous_13)
FNDA:0,(anonymous_14)
FNDA:0,(anonymous_15)
FNDA:0,(anonymous_16)
FNDA:0,(anonymous_17)
FNDA:0,(anonymous_18)
FNDA:0,(anonymous_19)
FNDA:0,(anonymous_20)
FNDA:0,(anonymous_21)
DA:39,0
DA:46,0
DA:57,0
DA:58,0
DA:59,0
DA:61,0
DA:62,0
DA:69,0
DA:95,0
DA:96,0
DA:97,0
DA:98,0
DA:100,0
DA:101,0
DA:111,0
DA:134,0
DA:135,0
DA:137,0
DA:140,0
DA:148,0
DA:185,0
DA:186,0
DA:188,0
DA:195,0
DA:198,0
DA:216,0
DA:220,0
DA:221,0
DA:222,0
DA:231,0
DA:232,0
DA:234,0
DA:235,0
DA:237,0
DA:239,0
DA:240,0
DA:241,0
DA:243,0
DA:244,0
DA:245,0
DA:247,0
DA:248,0
DA:251,0
DA:252,0
DA:255,0
DA:256,0
DA:257,0
DA:258,0
DA:260,0
DA:265,0
DA:266,0
DA:267,0
DA:271,0
DA:272,0
DA:273,0
DA:274,0
DA:276,0
DA:278,0
DA:282,0
DA:283,0
DA:285,0
DA:290,0
DA:301,0
DA:312,0
DA:317,0
DA:328,0
DA:336,0
DA:340,0
DA:351,0
DA:366,0
DA:376,0
DA:380,0
DA:436,0
LF:73
LH:0
BRDA:147,0,0,0
BRDA:147,0,1,0
BRDA:151,1,0,0
BRDA:151,1,1,0
BRDA:161,2,0,0
BRDA:161,2,1,0
BRDA:167,3,0,0
BRDA:167,3,1,0
BRDA:202,4,0,0
BRDA:202,4,1,0
BRDA:204,5,0,0
BRDA:204,5,1,0
BRDA:210,6,0,0
BRDA:210,6,1,0
BRDA:210,7,0,0
BRDA:210,7,1,0
BRDA:237,8,0,0
BRDA:237,8,1,0
BRDA:237,8,2,0
BRDA:239,9,0,0
BRDA:239,9,1,0
BRDA:240,10,0,0
BRDA:240,10,1,0
BRDA:243,11,0,0
[...]
DA:354,0
DA:355,0
DA:356,0
DA:357,0
DA:358,0
DA:359,0
DA:363,0
DA:364,0
DA:365,0
DA:367,0
DA:371,0
DA:372,0
DA:375,0
DA:376,0
DA:378,0
DA:386,0
DA:387,0
DA:390,0
DA:391,0
DA:392,0
DA:395,0
DA:397,0
DA:398,0
DA:399,0
DA:402,0
DA:403,0
DA:404,0
DA:406,0
DA:409,0
DA:410,0
DA:411,0
DA:412,0
DA:414,0
DA:415,0
DA:418,0
DA:419,0
DA:420,0
DA:422,0
DA:423,0
DA:426,0
DA:427,0
DA:429,0
DA:433,0
DA:434,0
DA:435,0
DA:439,0
DA:440,0
DA:442,0
DA:443,0
DA:452,0
DA:453,0
DA:456,0
DA:457,0
DA:462,0
DA:463,0
DA:473,0
DA:474,0
DA:476,0
DA:477,0
DA:481,0
DA:482,0
DA:483,0
DA:486,0
DA:487,0
DA:488,0
DA:490,0
DA:491,0
DA:494,0
DA:497,0
DA:498,0
DA:501,0
DA:504,0
DA:508,0
DA:510,0
DA:518,0
DA:519,0
DA:520,0
DA:524,0
DA:525,0
DA:526,0
DA:532,0
DA:533,0
DA:534,0
DA:541,0
DA:545,0
DA:552,0
DA:553,0
DA:556,0
DA:557,0
DA:560,0
DA:562,0
DA:568,0
DA:569,0
DA:570,0
DA:571,0
DA:573,0
DA:574,0
DA:575,0
DA:577,0
DA:579,0
DA:580,0
DA:586,0
DA:593,0
DA:594,0
DA:596,0
DA:597,0
DA:598,0
DA:602,0
DA:603,0
DA:604,0
DA:605,0
DA:607,0
DA:610,0
DA:611,0
DA:612,0
DA:618,0
DA:619,0
DA:620,0
DA:621,0
DA:623,0
DA:630,0
DA:631,0
DA:632,0
DA:634,0
DA:641,0
DA:642,0
DA:643,0
DA:645,0
DA:647,0
DA:648,0
DA:653,0
DA:654,0
DA:655,0
DA:659,0
DA:665,0
DA:666,0
DA:667,0
DA:668,0
DA:670,0
DA:671,0
DA:678,0
DA:679,0
DA:681,0
DA:682,0
DA:686,0
DA:687,0
DA:689,0
DA:693,0
DA:695,0
DA:696,0
DA:697,0
DA:698,0
DA:699,0
DA:700,0
DA:702,0
DA:708,0
DA:709,0
DA:712,0
DA:713,0
DA:714,0
DA:715,0
DA:718,0
DA:720,0
DA:721,0
DA:722,0
DA:723,0
DA:725,0
DA:734,0
DA:735,0
DA:736,0
DA:737,0
DA:738,0
DA:740,0
DA:741,0
DA:743,0
DA:744,0
DA:745,0
DA:751,0
DA:755,0
DA:756,0
DA:757,0
DA:762,0
DA:763,0
DA:765,0
DA:767,0
DA:768,0
DA:769,0
DA:770,0
DA:771,0
DA:773,0
DA:774,0
DA:775,0
DA:776,0
DA:779,0
DA:780,0
DA:790,0
DA:791,0
DA:793,0
DA:805,0
DA:806,0
DA:808,0
DA:809,0
DA:810,0
DA:811,0
DA:817,0
DA:818,0
DA:819,0
DA:820,0
DA:821,0
DA:824,0
DA:831,0
DA:832,0
DA:833,0
DA:835,0
DA:838,0
DA:840,0
DA:841,0
DA:843,0
DA:844,0
DA:846,0
DA:847,0
DA:850,0
DA:852,0
DA:863,0
DA:865,0
DA:869,0
DA:872,0
DA:873,0
DA:878,0
DA:879,0
DA:880,0
DA:881,0
DA:883,0
DA:884,0
DA:888,0
DA:889,0
DA:892,0
DA:894,0
DA:896,0
DA:897,0
DA:900,0
DA:901,0
DA:904,0
DA:905,0
DA:908,0
DA:913,0
DA:916,0
DA:923,0
DA:926,0
DA:927,0
DA:930,0
DA:931,0
LF:379
LH:0
BRDA:63,0,0,0
BRDA:63,0,1,0
BRDA:112,1,0,0
BRDA:112,1,1,0
BRDA:115,2,0,0
BRDA:115,2,1,0
BRDA:123,3,0,0
BRDA:123,3,1,0
BRDA:137,4,0,0
BRDA:137,4,1,0
BRDA:137,5,0,0
BRDA:137,5,1,0
BRDA:138,6,0,0
BRDA:138,6,1,0
BRDA:146,7,0,0
BRDA:146,7,1,0
BRDA:146,8,0,0
BRDA:146,8,1,0
BRDA:150,9,0,0
BRDA:150,9,1,0
BRDA:164,10,0,0
BRDA:164,10,1,0
BRDA:166,11,0,0
BRDA:166,11,1,0
BRDA:187,12,0,0
BRDA:187,12,1,0
BRDA:201,13,0,0
BRDA:201,13,1,0
BRDA:212,14,0,0
BRDA:212,14,1,0
BRDA:218,15,0,0
BRDA:218,15,1,0
BRDA:234,16,0,0
BRDA:234,16,1,0
BRDA:246,17,0,0
BRDA:246,17,1,0
BRDA:246,18,0,0
BRDA:246,18,1,0
BRDA:247,19,0,0
BRDA:247,19,1,0
BRDA:248,20,0,0
BRDA:248,20,1,0
BRDA:254,21,0,0
BRDA:254,21,1,0
BRDA:254,22,0,0
BRDA:254,22,1,0
BRDA:268,23,0,0
BRDA:271,24,0,0
BRDA:271,24,1,0
BRDA:273,25,0,0
BRDA:273,25,1,0
BRDA:274,26,0,0
BRDA:274,26,1,0
BRDA:280,27,0,0
BRDA:280,27,1,0
BRDA:286,28,0,0
BRDA:286,28,1,0
BRDA:297,29,0,0
BRDA:297,29,1,0
BRDA:298,30,0,0
BRDA:298,30,1,0
BRDA:322,31,0,0
BRDA:322,31,1,0
BRDA:326,32,0,0
BRDA:326,32,1,0
BRDA:326,33,0,0
BRDA:326,33,1,0
BRDA:326,33,2,0
BRDA:327,34,0,0
BRDA:327,34,1,0
BRDA:337,35,0,0
BRDA:337,35,1,0
BRDA:349,36,0,0
BRDA:349,36,1,0
BRDA:363,37,0,0
BRDA:363,37,1,0
BRDA:371,38,0,0
BRDA:371,38,1,0
BRDA:375,39,0,0
BRDA:375,39,1,0
BRDA:386,40,0,0
BRDA:386,40,1,0
BRDA:402,41,0,0
BRDA:402,41,1,0
BRDA:402,42,0,0
BRDA:402,42,1,0
BRDA:411,43,0,0
BRDA:411,43,1,0
BRDA:418,44,0,0
BRDA:418,44,1,0
BRDA:419,45,0,0
BRDA:419,45,1,0
BRDA:426,46,0,0
BRDA:426,46,1,0
BRDA:426,47,0,0
BRDA:426,47,1,0
BRDA:429,48,0,0
BRDA:429,48,1,0
BRDA:434,49,0,0
BRDA:434,49,1,0
BRDA:439,50,0,0
BRDA:439,50,1,0
BRDA:442,51,0,0
BRDA:442,51,1,0
BRDA:452,52,0,0
BRDA:452,52,1,0
BRDA:462,53,0,0
BRDA:462,53,1,0
BRDA:474,54,0,0
BRDA:474,54,1,0
BRDA:474,55,0,0
BRDA:474,55,1,0
BRDA:476,56,0,0
BRDA:476,56,1,0
BRDA:481,57,0,0
BRDA:481,57,1,0
BRDA:486,58,0,0
BRDA:486,58,1,0
BRDA:490,59,0,0
BRDA:490,59,1,0
BRDA:501,60,0,0
BRDA:501,60,1,0
BRDA:502,61,0,0
BRDA:502,61,1,0
BRDA:508,62,0,0
BRDA:508,62,1,0
BRDA:519,63,0,0
BRDA:519,63,1,0
BRDA:519,63,2,0
BRDA:520,64,0,0
BRDA:520,64,1,0
BRDA:526,65,0,0
BRDA:526,65,1,0
BRDA:526,65,2,0
BRDA:552,66,0,0
BRDA:552,66,1,0
BRDA:560,67,0,0
BRDA:560,67,1,0
BRDA:571,68,0,0
BRDA:571,68,1,0
BRDA:573,69,0,0
BRDA:573,69,1,0
BRDA:573,70,0,0
BRDA:573,70,1,0
BRDA:573,70,2,0
BRDA:574,71,0,0
BRDA:574,71,1,0
BRDA:579,72,0,0
BRDA:579,72,1,0
BRDA:597,73,0,0
BRDA:597,73,1,0
BRDA:604,74,0,0
BRDA:604,74,1,0
BRDA:610,75,0,0
BRDA:610,75,1,0
BRDA:611,76,0,0
BRDA:611,76,1,0
BRDA:623,77,0,0
BRDA:623,77,1,0
BRDA:637,78,0,0
BRDA:637,78,1,0
BRDA:638,79,0,0
BRDA:638,79,1,0
BRDA:641,80,0,0
BRDA:641,80,1,0
BRDA:641,81,0,0
BRDA:641,81,1,0
BRDA:642,82,0,0
BRDA:642,82,1,0
BRDA:654,83,0,0
BRDA:654,83,1,0
BRDA:670,84,0,0
BRDA:670,84,1,0
BRDA:678,85,0,0
BRDA:678,85,1,0
BRDA:686,86,0,0
BRDA:686,86,1,0
BRDA:693,87,0,0
BRDA:693,87,1,0
BRDA:696,88,0,0
BRDA:696,88,1,0
BRDA:698,89,0,0
BRDA:698,89,1,0
BRDA:708,90,0,0
BRDA:708,90,1,0
BRDA:713,91,0,0
BRDA:713,91,1,0
BRDA:713,92,0,0
BRDA:713,92,1,0
BRDA:714,93,0,0
BRDA:714,93,1,0
BRDA:735,94,0,0
BRDA:735,94,1,0
BRDA:737,95,0,0
BRDA:737,95,1,0
BRDA:740,96,0,0
BRDA:740,96,1,0
BRDA:744,97,0,0
BRDA:744,97,1,0
BRDA:762,98,0,0
BRDA:762,98,1,0
BRDA:768,99,0,0
BRDA:768,99,1,0
BRDA:769,100,0,0
BRDA:769,100,1,0
BRDA:775,101,0,0
BRDA:775,101,1,0
BRDA:808,102,0,0
BRDA:808,102,1,0
BRDA:810,103,0,0
BRDA:810,103,1,0
BRDA:818,104,0,0
BRDA:818,104,1,0
BRDA:820,105,0,0
BRDA:820,105,1,0
BRDA:831,106,0,0
BRDA:831,106,1,0
BRDA:832,107,0,0
BRDA:832,107,1,0
BRDA:838,108,0,0
BRDA:838,108,1,0
BRDA:838,108,2,0
BRDA:850,109,0,0
BRDA:850,109,1,0
BRDA:869,110,0,0
BRDA:869,110,1,0
BRDA:879,111,0,0
BRDA:879,111,1,0
BRDA:883,112,0,0
BRDA:883,112,1,0
BRDA:888,113,0,0
BRDA:888,113,1,0
BRDA:896,114,0,0
BRDA:896,114,1,0
BRDA:900,115,0,0
BRDA:900,115,1,0
BRDA:904,116,0,0
BRDA:904,116,1,0
BRF:238
BRH:0
end_of_record
TN:
SF:utils/firestorePollingFallback.ts
FN:21,(anonymous_0)
FN:35,(anonymous_1)
FN:60,(anonymous_2)
FN:61,(anonymous_3)
FN:69,(anonymous_4)
FN:103,(anonymous_5)
FN:111,(anonymous_6)
FN:131,(anonymous_7)
FN:144,(anonymous_8)
FN:151,(anonymous_9)
FNF:10
FNH:0
FNDA:0,(anonymous_0)
FNDA:0,(anonymous_1)
FNDA:0,(anonymous_2)
FNDA:0,(anonymous_3)
FNDA:0,(anonymous_4)
FNDA:0,(anonymous_5)
FNDA:0,(anonymous_6)
FNDA:0,(anonymous_7)
FNDA:0,(anonymous_8)
FNDA:0,(anonymous_9)
DA:14,0
DA:15,0
DA:16,0
DA:29,0
DA:30,0
DA:33,0
DA:35,0
DA:36,0
DA:38,0
DA:39,0
DA:40,0
DA:43,0
DA:44,0
DA:45,0
DA:46,0
DA:47,0
DA:48,0
DA:50,0
DA:54,0
DA:56,0
DA:57,0
DA:60,0
DA:61,0
DA:63,0
DA:64,0
DA:67,0
DA:68,0
DA:69,0
DA:71,0
DA:72,0
DA:73,0
DA:79,0
DA:80,0
DA:81,0
DA:82,0
DA:83,0
DA:84,0
DA:88,0
DA:89,0
DA:91,0
DA:96,0
DA:99,0
DA:100,0
DA:103,0
DA:104,0
DA:112,0
DA:113,0
DA:116,0
DA:118,0
DA:119,0
DA:120,0
DA:121,0
DA:124,0
DA:125,0
DA:132,0
DA:133,0
DA:136,0
DA:137,0
DA:145,0
DA:152,0
DA:157,0
LF:61
LH:0
BRDA:26,0,0,0
BRDA:29,1,0,0
BRDA:29,1,1,0
BRDA:36,2,0,0
BRDA:36,2,1,0
BRDA:43,3,0,0
BRDA:43,3,1,0
BRDA:47,4,0,0
BRDA:47,4,1,0
BRDA:56,5,0,0
BRDA:56,5,1,0
BRDA:63,6,0,0
BRDA:63,6,1,0
BRDA:71,7,0,0
BRDA:71,7,1,0
BRDA:71,8,0,0
BRDA:71,8,1,0
BRDA:79,9,0,0
BRDA:79,9,1,0
BRDA:83,10,0,0
BRDA:83,10,1,0
BRDA:88,11,0,0
BRDA:88,11,1,0
BRDA:112,12,0,0
BRDA:112,12,1,0
BRDA:119,13,0,0
BRDA:119,13,1,0
BRDA:132,14,0,0
BRDA:132,14,1,0
BRDA:152,15,0,0
BRDA:152,15,1,0
BRF:31
BRH:0
end_of_record
TN:
SF:utils/format.ts
FN:2,(anonymous_0)
FN:29,(anonymous_1)
FN:68,(anonymous_2)
FN:76,(anonymous_3)
FN:82,(anonymous_4)
FN:92,(anonymous_5)
FN:97,(anonymous_6)
FN:100,(anonymous_7)
FNF:8
FNH:2
FNDA:6,(anonymous_0)
FNDA:2,(anonymous_1)
FNDA:0,(anonymous_2)
FNDA:0,(anonymous_3)
FNDA:0,(anonymous_4)
FNDA:0,(anonymous_5)
FNDA:0,(anonymous_6)
FNDA:0,(anonymous_7)
DA:2,1
DA:3,6
DA:5,6
DA:12,0
DA:13,0
DA:15,0
DA:16,0
DA:18,0
DA:19,0
DA:21,0
DA:22,0
DA:24,0
DA:29,1
DA:30,2
DA:31,2
DA:32,2
DA:34,2
DA:35,2
DA:38,0
DA:39,0
DA:40,0
DA:43,0
DA:44,0
DA:45,0
DA:48,0
DA:49,0
DA:50,0
DA:53,0
DA:54,0
DA:55,0
DA:58,0
DA:59,0
DA:60,0
DA:63,0
DA:64,0
DA:68,1
DA:69,0
DA:76,1
DA:77,0
DA:78,0
DA:82,1
DA:83,0
DA:84,0
DA:85,0
DA:86,0
DA:88,0
DA:92,1
DA:93,0
DA:97,1
DA:98,0
DA:100,0
LF:51
LH:14
BRDA:13,0,0,0
BRDA:13,0,1,0
BRDA:15,1,0,0
BRDA:15,1,1,0
BRDA:18,2,0,0
BRDA:18,2,1,0
BRDA:21,3,0,0
BRDA:21,3,1,0
BRDA:34,4,0,2
BRDA:34,4,1,0
BRDA:39,5,0,0
BRDA:39,5,1,0
BRDA:44,6,0,0
BRDA:44,6,1,0
BRDA:49,7,0,0
BRDA:49,7,1,0
BRDA:54,8,0,0
BRDA:54,8,1,0
BRDA:59,9,0,0
BRDA:59,9,1,0
BRDA:68,10,0,0
BRDA:77,11,0,0
BRDA:77,11,1,0
BRDA:85,12,0,0
BRDA:85,12,1,0
BRF:25
BRH:1
end_of_record
TN:
SF:utils/logger.ts
FN:51,(anonymous_0)
FN:69,(anonymous_1)
FN:76,(anonymous_2)
FN:83,(anonymous_3)
FN:90,(anonymous_4)
FN:97,(anonymous_5)
FN:104,(anonymous_6)
FN:115,(anonymous_7)
FN:122,(anonymous_8)
FN:157,(anonymous_9)
FN:184,(anonymous_10)
FN:196,(anonymous_11)
FN:231,(anonymous_12)
FN:244,(anonymous_13)
FN:251,(anonymous_14)
FN:265,(anonymous_15)
FN:272,(anonymous_16)
FN:279,(anonymous_17)
FN:286,(anonymous_18)
FN:299,(anonymous_19)
FN:306,(anonymous_20)
FN:313,(anonymous_21)
FN:316,(anonymous_22)
FN:334,(anonymous_23)
FN:335,(anonymous_24)
FN:336,(anonymous_25)
FN:337,(anonymous_26)
FN:340,(anonymous_27)
FNF:28
FNH:0
FNDA:0,(anonymous_0)
FNDA:0,(anonymous_1)
FNDA:0,(anonymous_2)
FNDA:0,(anonymous_3)
FNDA:0,(anonymous_4)
FNDA:0,(anonymous_5)
FNDA:0,(anonymous_6)
FNDA:0,(anonymous_7)
FNDA:0,(anonymous_8)
FNDA:0,(anonymous_9)
FNDA:0,(anonymous_10)
FNDA:0,(anonymous_11)
FNDA:0,(anonymous_12)
FNDA:0,(anonymous_13)
FNDA:0,(anonymous_14)
FNDA:0,(anonymous_15)
FNDA:0,(anonymous_16)
FNDA:0,(anonymous_17)
FNDA:0,(anonymous_18)
FNDA:0,(anonymous_19)
FNDA:0,(anonymous_20)
FNDA:0,(anonymous_21)
FNDA:0,(anonymous_22)
FNDA:0,(anonymous_23)
FNDA:0,(anonymous_24)
FNDA:0,(anonymous_25)
FNDA:0,(anonymous_26)
FNDA:0,(anonymous_27)
DA:47,0
DA:53,0
DA:63,0
DA:70,0
DA:77,0
DA:84,0
DA:91,0
DA:98,0
DA:105,0
DA:106,0
DA:108,0
DA:116,0
DA:124,0
DA:125,0
DA:129,0
DA:139,0
DA:140,0
DA:144,0
DA:145,0
DA:149,0
DA:150,0
DA:158,0
DA:159,0
DA:161,0
DA:163,0
DA:164,0
DA:166,0
DA:167,0
DA:169,0
DA:170,0
DA:173,0
DA:174,0
DA:175,0
DA:177,0
DA:185,0
DA:188,0
DA:189,0
DA:197,0
DA:198,0
DA:201,0
DA:202,0
DA:213,0
DA:222,0
DA:223,0
DA:232,0
DA:245,0
DA:252,0
DA:253,0
DA:254,0
DA:255,0
DA:256,0
DA:257,0
DA:258,0
DA:266,0
DA:273,0
DA:280,0
DA:287,0
DA:300,0
DA:307,0
DA:314,0
DA:316,0
DA:317,0
DA:318,0
DA:319,0
DA:325,0
DA:332,0
DA:334,0
DA:335,0
DA:336,0
DA:337,0
DA:340,0
LF:71
LH:0
BRDA:54,0,0,0
BRDA:54,0,1,0
BRDA:105,1,0,0
BRDA:105,1,1,0
BRDA:124,2,0,0
BRDA:124,2,1,0
BRDA:139,3,0,0
BRDA:139,3,1,0
BRDA:144,4,0,0
BRDA:144,4,1,0
BRDA:149,5,0,0
BRDA:149,5,1,0
BRDA:149,6,0,0
BRDA:149,6,1,0
BRDA:161,7,0,0
BRDA:161,7,1,0
BRDA:161,7,2,0
BRDA:161,7,3,0
BRDA:161,7,4,0
BRDA:173,8,0,0
BRDA:173,8,1,0
BRDA:174,9,0,0
BRDA:174,9,1,0
BRDA:188,10,0,0
BRDA:188,10,1,0
BRDA:197,11,0,0
BRDA:197,11,1,0
BRDA:206,12,0,0
BRDA:206,12,1,0
BRDA:222,13,0,0
BRDA:222,13,1,0
BRDA:235,14,0,0
BRDA:235,14,1,0
BRDA:236,15,0,0
BRDA:236,15,1,0
BRDA:237,16,0,0
BRDA:237,16,1,0
BRDA:252,17,0,0
BRDA:252,17,1,0
BRDA:252,17,2,0
BRDA:252,17,3,0
BRDA:252,17,4,0
BRDA:252,17,5,0
BRDA:332,18,0,0
BRDA:332,18,1,0
BRF:45
BRH:0
end_of_record
TN:
SF:utils/networkStatus.ts
FN:8,useNetwork
FN:11,(anonymous_1)
FN:13,(anonymous_2)
FN:18,(anonymous_3)
FN:23,(anonymous_4)
FN:49,(anonymous_5)
FN:53,(anonymous_6)
FN:60,(anonymous_7)
FN:62,(anonymous_8)
FN:68,(anonymous_9)
FN:74,(anonymous_10)
FN:75,(anonymous_11)
FN:78,(anonymous_12)
FN:86,(anonymous_13)
FN:90,(anonymous_14)
FN:94,(anonymous_15)
FN:98,(anonymous_16)
FN:102,(anonymous_17)
FNF:18
FNH:0
FNDA:0,useNetwork
FNDA:0,(anonymous_1)
FNDA:0,(anonymous_2)
FNDA:0,(anonymous_3)
FNDA:0,(anonymous_4)
FNDA:0,(anonymous_5)
FNDA:0,(anonymous_6)
FNDA:0,(anonymous_7)
FNDA:0,(anonymous_8)
FNDA:0,(anonymous_9)
FNDA:0,(anonymous_10)
FNDA:0,(anonymous_11)
FNDA:0,(anonymous_12)
FNDA:0,(anonymous_13)
FNDA:0,(anonymous_14)
FNDA:0,(anonymous_15)
FNDA:0,(anonymous_16)
FNDA:0,(anonymous_17)
DA:9,0
DA:11,0
DA:13,0
DA:14,0
DA:18,0
DA:19,0
DA:23,0
DA:24,0
DA:28,0
DA:29,0
DA:30,0
DA:32,0
DA:45,0
DA:46,0
DA:47,0
DA:50,0
DA:54,0
DA:55,0
DA:57,0
DA:62,0
DA:63,0
DA:64,0
DA:68,0
DA:69,0
DA:70,0
DA:75,0
DA:79,0
DA:81,0
DA:82,0
DA:87,0
DA:91,0
DA:95,0
DA:99,0
DA:103,0
DA:104,0
DA:105,0
DA:107,0
DA:111,0
LF:38
LH:0
BRDA:28,0,0,0
BRDA:28,0,1,0
BRDA:29,1,0,0
BRDA:29,1,1,0
BRDA:30,2,0,0
BRDA:30,2,1,0
BRDA:54,3,0,0
BRDA:54,3,1,0
BRDA:81,4,0,0
BRDA:81,4,1,0
BRDA:95,5,0,0
BRDA:95,5,1,0
BRDA:99,6,0,0
BRDA:99,6,1,0
BRDA:103,7,0,0
BRDA:103,7,1,0
BRF:16
BRH:0
end_of_record
TN:
SF:utils/performance.ts
FN:11,(anonymous_0)
FN:14,(anonymous_1)
FN:15,(anonymous_2)
FN:19,(anonymous_3)
FN:30,(anonymous_4)
FN:37,(anonymous_5)
FN:50,(anonymous_6)
FN:57,(anonymous_7)
FN:58,(anonymous_8)
FN:60,(anonymous_9)
FN:67,(anonymous_10)
FN:71,(anonymous_11)
FN:72,(anonymous_12)
FN:75,(anonymous_13)
FN:76,(anonymous_14)
FN:78,(anonymous_15)
FN:79,(anonymous_16)
FN:94,(anonymous_17)
FN:98,(anonymous_18)
FN:114,(anonymous_19)
FN:125,(anonymous_20)
FN:142,(anonymous_21)
FNF:22
FNH:0
FNDA:0,(anonymous_0)
FNDA:0,(anonymous_1)
FNDA:0,(anonymous_2)
FNDA:0,(anonymous_3)
FNDA:0,(anonymous_4)
FNDA:0,(anonymous_5)
FNDA:0,(anonymous_6)
FNDA:0,(anonymous_7)
FNDA:0,(anonymous_8)
FNDA:0,(anonymous_9)
FNDA:0,(anonymous_10)
FNDA:0,(anonymous_11)
FNDA:0,(anonymous_12)
FNDA:0,(anonymous_13)
FNDA:0,(anonymous_14)
FNDA:0,(anonymous_15)
FNDA:0,(anonymous_16)
FNDA:0,(anonymous_17)
FNDA:0,(anonymous_18)
FNDA:0,(anonymous_19)
FNDA:0,(anonymous_20)
FNDA:0,(anonymous_21)
DA:11,0
DA:12,0
DA:14,0
DA:15,0
DA:16,0
DA:19,0
DA:20,0
DA:24,0
DA:30,0
DA:34,0
DA:36,0
DA:38,0
DA:39,0
DA:40,0
DA:50,0
DA:51,0
DA:57,0
DA:58,0
DA:59,0
DA:60,0
DA:67,0
DA:68,0
DA:69,0
DA:71,0
DA:72,0
DA:73,0
DA:74,0
DA:75,0
DA:76,0
DA:78,0
DA:79,0
DA:81,0
DA:85,0
DA:88,0
DA:94,0
DA:95,0
DA:96,0
DA:98,0
DA:99,0
DA:101,0
DA:102,0
DA:105,0
DA:106,0
DA:107,0
DA:112,0
DA:115,0
DA:116,0
DA:125,0
DA:128,0
DA:130,0
DA:131,0
DA:134,0
DA:140,0
DA:143,0
DA:144,0
DA:145,0
LF:56
LH:0
BRDA:38,0,0,0
BRDA:38,0,1,0
BRDA:57,1,0,0
BRDA:73,2,0,0
BRDA:73,2,1,0
BRDA:101,3,0,0
BRDA:101,3,1,0
BRDA:105,4,0,0
BRDA:105,4,1,0
BRDA:115,5,0,0
BRDA:115,5,1,0
BRDA:130,6,0,0
BRDA:130,6,1,0
BRDA:143,7,0,0
BRDA:143,7,1,0
BRDA:143,8,0,0
BRDA:143,8,1,0
BRDA:143,8,2,0
BRF:18
BRH:0
end_of_record
TN:
SF:utils/spacing.ts
FNF:0
FNH:0
DA:9,0
DA:23,0
DA:36,0
DA:89,0
DA:114,0
DA:122,0
DA:135,0
DA:144,0
LF:8
LH:0
BRF:0
BRH:0
end_of_record
TN:
SF:utils/timestampHelpers.ts
FN:7,toDate
FN:45,toMillis
FN:60,formatTime
FN:74,formatDate
FN:85,formatRelativeTime
FN:126,formatDetailedTime
FN:152,createTimestamp
FN:160,compareTimestamps
FNF:8
FNH:6
FNDA:140,toDate
FNDA:6,toMillis
FNDA:1,formatTime
FNDA:1,formatDate
FNDA:3,formatRelativeTime
FNDA:0,formatDetailedTime
FNDA:0,createTimestamp
FNDA:5,compareTimestamps
DA:8,140
DA:11,134
DA:14,115
DA:15,2
DA:19,113
DA:20,104
DA:24,9
DA:25,8
DA:26,8
DA:28,0
DA:29,0
DA:34,1
DA:35,1
DA:37,0
DA:38,0
DA:46,6
DA:49,6
DA:50,0
DA:53,6
DA:54,6
DA:61,1
DA:62,1
DA:64,1
DA:75,1
DA:76,1
DA:78,1
DA:86,3
DA:87,3
DA:89,3
DA:90,3
DA:93,3
DA:94,2
DA:95,2
DA:96,2
DA:97,2
DA:98,2
DA:99,2
DA:100,0
DA:104,1
DA:106,1
DA:107,1
DA:109,1
DA:110,1
DA:112,1
DA:113,1
DA:115,1
DA:116,1
DA:119,1
DA:127,0
DA:128,0
DA:130,0
DA:131,0
DA:132,0
DA:134,0
DA:135,0
DA:136,0
DA:137,0
DA:139,0
DA:153,0
DA:161,5
DA:162,5
DA:164,5
DA:165,3
DA:168,2
DA:169,1
DA:170,1
LF:66
LH:49
BRDA:8,0,0,6
BRDA:8,0,1,134
BRDA:11,1,0,19
BRDA:11,1,1,115
BRDA:14,2,0,2
BRDA:14,2,1,113
BRDA:14,3,0,115
BRDA:14,3,1,2
BRDA:19,4,0,104
BRDA:19,4,1,9
BRDA:20,5,0,104
BRDA:20,5,1,104
BRDA:24,6,0,8
BRDA:24,6,1,1
BRDA:24,7,0,9
BRDA:24,7,1,4
BRDA:46,8,0,0
BRDA:46,8,1,6
BRDA:49,9,0,0
BRDA:49,9,1,6
BRDA:49,10,0,6
BRDA:49,10,1,6
BRDA:49,10,2,4
BRDA:54,11,0,6
BRDA:54,11,1,0
BRDA:62,12,0,0
BRDA:62,12,1,1
BRDA:76,13,0,0
BRDA:76,13,1,1
BRDA:87,14,0,0
BRDA:87,14,1,3
BRDA:87,15,0,3
BRDA:87,15,1,3
BRDA:93,16,0,2
BRDA:93,16,1,1
BRDA:95,17,0,0
BRDA:95,17,1,2
BRDA:97,18,0,0
BRDA:97,18,1,2
BRDA:99,19,0,2
BRDA:99,19,1,0
BRDA:104,20,0,0
BRDA:104,20,1,1
BRDA:107,21,0,0
BRDA:107,21,1,1
BRDA:110,22,0,0
BRDA:110,22,1,1
BRDA:113,23,0,0
BRDA:113,23,1,1
BRDA:116,24,0,0
BRDA:116,24,1,1
BRDA:128,25,0,0
BRDA:128,25,1,0
BRDA:128,26,0,0
BRDA:128,26,1,0
BRDA:134,27,0,0
BRDA:134,27,1,0
BRDA:136,28,0,0
BRDA:136,28,1,0
BRDA:153,29,0,0
BRDA:153,29,1,0
BRDA:164,30,0,3
BRDA:164,30,1,2
BRDA:164,31,0,5
BRDA:164,31,1,3
BRDA:164,31,2,2
BRDA:164,31,3,2
BRDA:168,32,0,1
BRDA:168,32,1,1
BRDA:169,33,0,0
BRDA:169,33,1,1
BRF:71
BRH:46
end_of_record
TN:
SF:utils/typography.ts
FNF:0
FNH:0
DA:11,0
DA:69,0
LF:2
LH:0
BRF:0
BRH:0
end_of_record
TN:
SF:utils/validation.ts
FN:2,(anonymous_0)
FN:8,(anonymous_1)
FN:34,(anonymous_2)
FN:40,(anonymous_3)
FN:50,(anonymous_4)
FN:86,(anonymous_5)
FN:100,(anonymous_6)
FN:138,(anonymous_7)
FN:146,(anonymous_8)
FN:147,(anonymous_9)
FN:154,(anonymous_10)
FN:162,(anonymous_11)
FN:186,(anonymous_12)
FN:191,(anonymous_13)
FN:197,(anonymous_14)
FN:225,(anonymous_15)
FN:231,(anonymous_16)
FN:250,(anonymous_17)
FNF:18
FNH:2
FNDA:0,(anonymous_0)
FNDA:0,(anonymous_1)
FNDA:0,(anonymous_2)
FNDA:0,(anonymous_3)
FNDA:0,(anonymous_4)
FNDA:0,(anonymous_5)
FNDA:0,(anonymous_6)
FNDA:4,(anonymous_7)
FNDA:0,(anonymous_8)
FNDA:0,(anonymous_9)
FNDA:10,(anonymous_10)
FNDA:0,(anonymous_11)
FNDA:0,(anonymous_12)
FNDA:0,(anonymous_13)
FNDA:0,(anonymous_14)
FNDA:0,(anonymous_15)
FNDA:0,(anonymous_16)
FNDA:0,(anonymous_17)
DA:2,2
DA:3,0
DA:4,0
DA:8,2
DA:9,0
DA:11,0
DA:12,0
DA:15,0
DA:16,0
DA:19,0
DA:20,0
DA:23,0
DA:24,0
DA:27,0
DA:34,2
DA:35,0
DA:36,0
DA:40,2
DA:41,0
DA:42,0
DA:43,0
DA:45,0
DA:50,2
DA:51,0
DA:52,0
DA:55,0
DA:56,0
DA:59,0
DA:60,0
DA:63,0
DA:86,2
DA:87,0
DA:88,0
DA:91,0
DA:92,0
DA:93,0
DA:97,0
DA:98,0
DA:100,0
DA:104,0
DA:105,0
DA:106,0
DA:110,0
DA:111,0
DA:112,0
DA:114,0
DA:115,0
DA:117,0
DA:118,0
DA:122,0
DA:123,0
DA:124,0
DA:127,0
DA:135,2
DA:138,2
DA:139,4
DA:140,2
DA:141,2
DA:142,2
DA:145,0
DA:146,0
DA:147,0
DA:151,4
DA:154,2
DA:155,10
DA:156,6
DA:158,4
DA:162,2
DA:163,0
DA:166,0
DA:172,0
DA:174,0
DA:177,0
DA:180,0
DA:182,0
DA:186,2
DA:187,0
DA:191,2
DA:192,0
DA:193,0
DA:197,2
DA:198,0
DA:200,0
DA:201,0
DA:204,0
DA:205,0
DA:207,0
DA:208,0
DA:210,0
DA:211,0
DA:212,0
DA:213,0
DA:217,0
DA:218,0
DA:221,0
DA:225,2
DA:226,0
DA:227,0
DA:231,2
DA:232,0
DA:233,0
DA:235,0
DA:236,0
DA:238,0
DA:239,0
DA:242,0
DA:250,2
DA:251,0
DA:252,0
DA:254,0
DA:255,0
DA:256,0
DA:258,0
DA:259,0
DA:261,0
DA:264,0
DA:265,0
DA:267,0
DA:271,0
DA:272,0
DA:275,0
DA:276,0
DA:279,0
LF:123
LH:24
BRDA:11,0,0,0
BRDA:11,0,1,0
BRDA:15,1,0,0
BRDA:15,1,1,0
BRDA:19,2,0,0
BRDA:19,2,1,0
BRDA:23,3,0,0
BRDA:23,3,1,0
BRDA:51,4,0,0
BRDA:51,4,1,0
BRDA:55,5,0,0
BRDA:55,5,1,0
BRDA:59,6,0,0
BRDA:59,6,1,0
BRDA:92,7,0,0
BRDA:92,7,1,0
BRDA:92,8,0,0
BRDA:92,8,1,0
BRDA:97,9,0,0
BRDA:97,9,1,0
BRDA:97,10,0,0
BRDA:97,10,1,0
BRDA:105,11,0,0
BRDA:105,11,1,0
BRDA:105,12,0,0
BRDA:105,12,1,0
BRDA:111,13,0,0
BRDA:111,13,1,0
BRDA:111,14,0,0
BRDA:111,14,1,0
BRDA:114,15,0,0
BRDA:114,15,1,0
BRDA:117,16,0,0
BRDA:117,16,1,0
BRDA:122,17,0,0
BRDA:122,17,1,0
BRDA:123,18,0,0
BRDA:123,18,1,0
BRDA:123,19,0,0
BRDA:123,19,1,0
BRDA:123,19,2,0
BRDA:139,20,0,2
BRDA:139,20,1,2
BRDA:155,21,0,6
BRDA:155,21,1,4
BRDA:155,22,0,10
BRDA:155,22,1,4
BRDA:155,22,2,4
BRDA:163,23,0,0
BRDA:163,23,1,0
BRDA:187,24,0,0
BRDA:187,24,1,0
BRDA:200,25,0,0
BRDA:200,25,1,0
BRDA:200,26,0,0
BRDA:200,26,1,0
BRDA:210,27,0,0
BRDA:210,27,1,0
BRDA:212,28,0,0
BRDA:212,28,1,0
BRDA:227,29,0,0
BRDA:227,29,1,0
BRDA:227,29,2,0
BRDA:235,30,0,0
BRDA:235,30,1,0
BRDA:238,31,0,0
BRDA:238,31,1,0
BRDA:254,32,0,0
BRDA:254,32,1,0
BRDA:254,33,0,0
BRDA:254,33,1,0
BRDA:258,34,0,0
BRDA:258,34,1,0
BRDA:258,35,0,0
BRDA:258,35,1,0
BRDA:258,35,2,0
BRDA:264,36,0,0
BRDA:264,36,1,0
BRDA:264,37,0,0
BRDA:264,37,1,0
BRDA:264,37,2,0
BRDA:271,38,0,0
BRDA:271,38,1,0
BRDA:275,39,0,0
BRDA:275,39,1,0
BRF:85
BRH:7
end_of_record
